TpTrace Verbose: 0 : 19512, 1, 2023/07/25, 23:39:53.924, 4702467562263, vstest.console.dll, Version: 17.6.0-release-20230405-08 Current process architecture: X64
TpTrace Verbose: 0 : 19512, 1, 2023/07/25, 23:39:53.925, 4702467578544, vstest.console.dll, Runtime location: C:\Program Files\dotnet\shared\Microsoft.NETCore.App\7.0.5
TpTrace Verbose: 0 : 19512, 1, 2023/07/25, 23:39:53.931, 4702467632000, vstest.console.dll, ArtifactProcessingPostProcessModeProcessorExecutor.Initialize: ArtifactProcessingMode.Collect
TpTrace Verbose: 0 : 19512, 1, 2023/07/25, 23:39:53.931, 4702467632949, vstest.console.dll, TestSessionCorrelationIdProcessorModeProcessorExecutor.Initialize: TestSessionCorrelationId '7404_2a378078-3fb8-443d-98d8-0921f4dc2cf5'
TpTrace Information: 0 : 19512, 1, 2023/07/25, 23:39:53.938, 4702467703106, vstest.console.dll, FilePatternParser: The given file C:\Users\barba\Desktop\Codecool\Csharp\SOLID\seasonal-product-discounter-4-1q2023-csharp-baska98\CodeCool.SeasonalProductDiscounterTest\bin\Debug\net6.0\fine-code-coverage\build-output\CodeCool.SeasonalProductDiscounterTest.dll is a full path.
TpTrace Verbose: 0 : 19512, 1, 2023/07/25, 23:39:53.950, 4702467822784, vstest.console.dll, TestPluginCache.DiscoverTestExtensions: finding test extensions in assemblies ends with: RuntimeProvider.dll TPluginInfo: Microsoft.VisualStudio.TestPlatform.Common.ExtensionFramework.Utilities.TestRuntimePluginInformation TExtension: Microsoft.VisualStudio.TestPlatform.ObjectModel.Host.ITestRuntimeProvider
TpTrace Verbose: 0 : 19512, 1, 2023/07/25, 23:39:53.950, 4702467825617, vstest.console.dll, TestPluginCache.GetExtensionPaths: Filtered extension paths: 
TpTrace Verbose: 0 : 19512, 1, 2023/07/25, 23:39:53.950, 4702467826311, vstest.console.dll, TestPluginCache.GetExtensionPaths: Added default extension paths: C:\Program Files\dotnet\sdk\7.0.302\Extensions\Microsoft.Diagnostics.NETCore.Client.dll
C:\Program Files\dotnet\sdk\7.0.302\Extensions\Microsoft.TestPlatform.Extensions.BlameDataCollector.dll
C:\Program Files\dotnet\sdk\7.0.302\Extensions\Microsoft.TestPlatform.Extensions.EventLogCollector.dll
C:\Program Files\dotnet\sdk\7.0.302\Extensions\Microsoft.TestPlatform.TestHostRuntimeProvider.dll
C:\Program Files\dotnet\sdk\7.0.302\Extensions\Microsoft.VisualStudio.TestPlatform.Extensions.Html.TestLogger.dll
C:\Program Files\dotnet\sdk\7.0.302\Extensions\Microsoft.VisualStudio.TestPlatform.Extensions.Trx.TestLogger.dll
TpTrace Verbose: 0 : 19512, 1, 2023/07/25, 23:39:53.950, 4702467826550, vstest.console.dll, TestPluginCache.GetExtensionPaths: Added unfilterableExtensionPaths: 
TpTrace Information: 0 : 19512, 1, 2023/07/25, 23:39:53.951, 4702467830999, vstest.console.dll, AssemblyResolver.ctor: Creating AssemblyResolver with searchDirectories C:\Program Files\dotnet\sdk\7.0.302\Extensions,C:\Program Files\dotnet\sdk\7.0.302
TpTrace Verbose: 0 : 19512, 1, 2023/07/25, 23:39:53.953, 4702467857215, vstest.console.dll, TestPluginCache.DiscoverTestExtensions: Discovering the extensions using extension path.
TpTrace Verbose: 0 : 19512, 1, 2023/07/25, 23:39:53.953, 4702467858253, vstest.console.dll, TestPluginCache.GetExtensionPaths: Filtered extension paths: 
TpTrace Verbose: 0 : 19512, 1, 2023/07/25, 23:39:53.953, 4702467858543, vstest.console.dll, TestPluginCache.GetExtensionPaths: Added default extension paths: C:\Program Files\dotnet\sdk\7.0.302\Extensions\Microsoft.Diagnostics.NETCore.Client.dll
C:\Program Files\dotnet\sdk\7.0.302\Extensions\Microsoft.TestPlatform.Extensions.BlameDataCollector.dll
C:\Program Files\dotnet\sdk\7.0.302\Extensions\Microsoft.TestPlatform.Extensions.EventLogCollector.dll
C:\Program Files\dotnet\sdk\7.0.302\Extensions\Microsoft.TestPlatform.TestHostRuntimeProvider.dll
C:\Program Files\dotnet\sdk\7.0.302\Extensions\Microsoft.VisualStudio.TestPlatform.Extensions.Html.TestLogger.dll
C:\Program Files\dotnet\sdk\7.0.302\Extensions\Microsoft.VisualStudio.TestPlatform.Extensions.Trx.TestLogger.dll
TpTrace Verbose: 0 : 19512, 1, 2023/07/25, 23:39:53.953, 4702467858742, vstest.console.dll, TestPluginCache.GetExtensionPaths: Added unfilterableExtensionPaths: 
TpTrace Verbose: 0 : 19512, 1, 2023/07/25, 23:39:53.953, 4702467859701, vstest.console.dll, TestPluginCache.DiscoverTestExtensions: Discovering the extensions using allExtensionPaths: C:\Program Files\dotnet\sdk\7.0.302\Extensions\Microsoft.Diagnostics.NETCore.Client.dll
C:\Program Files\dotnet\sdk\7.0.302\Extensions\Microsoft.TestPlatform.Extensions.BlameDataCollector.dll
C:\Program Files\dotnet\sdk\7.0.302\Extensions\Microsoft.TestPlatform.Extensions.EventLogCollector.dll
C:\Program Files\dotnet\sdk\7.0.302\Extensions\Microsoft.TestPlatform.TestHostRuntimeProvider.dll
C:\Program Files\dotnet\sdk\7.0.302\Extensions\Microsoft.VisualStudio.TestPlatform.Extensions.Html.TestLogger.dll
C:\Program Files\dotnet\sdk\7.0.302\Extensions\Microsoft.VisualStudio.TestPlatform.Extensions.Trx.TestLogger.dll
TpTrace Information: 0 : 19512, 1, 2023/07/25, 23:39:53.954, 4702467860535, vstest.console.dll, AssemblyResolver.AddSearchDirectories: Adding more searchDirectories C:\Program Files\dotnet\sdk\7.0.302\Extensions,C:\Program Files\dotnet\sdk\7.0.302
TpTrace Information: 0 : 19512, 1, 2023/07/25, 23:39:53.954, 4702467860970, vstest.console.dll, AssemblyResolver.AddSearchDirectories: Adding more searchDirectories C:\Program Files\dotnet\sdk\7.0.302\Extensions,C:\Program Files\dotnet\sdk\7.0.302
TpTrace Information: 0 : 19512, 1, 2023/07/25, 23:39:53.954, 4702467861191, vstest.console.dll, AssemblyResolver.AddSearchDirectories: Adding more searchDirectories C:\Program Files\dotnet\sdk\7.0.302\Extensions,C:\Program Files\dotnet\sdk\7.0.302
TpTrace Information: 0 : 19512, 1, 2023/07/25, 23:39:53.954, 4702467861391, vstest.console.dll, AssemblyResolver.AddSearchDirectories: Adding more searchDirectories C:\Program Files\dotnet\sdk\7.0.302\Extensions,C:\Program Files\dotnet\sdk\7.0.302
TpTrace Information: 0 : 19512, 1, 2023/07/25, 23:39:53.954, 4702467861610, vstest.console.dll, AssemblyResolver.AddSearchDirectories: Adding more searchDirectories C:\Program Files\dotnet\sdk\7.0.302\Extensions,C:\Program Files\dotnet\sdk\7.0.302
TpTrace Information: 0 : 19512, 1, 2023/07/25, 23:39:53.954, 4702467861802, vstest.console.dll, AssemblyResolver.AddSearchDirectories: Adding more searchDirectories C:\Program Files\dotnet\sdk\7.0.302\Extensions,C:\Program Files\dotnet\sdk\7.0.302
TpTrace Information: 0 : 19512, 1, 2023/07/25, 23:39:53.954, 4702467864676, vstest.console.dll, AssemblyResolver.OnResolve: Microsoft.Diagnostics.NETCore.Client: Resolving assembly.
TpTrace Information: 0 : 19512, 1, 2023/07/25, 23:39:53.954, 4702467865376, vstest.console.dll, AssemblyResolver.OnResolve: Microsoft.Diagnostics.NETCore.Client: Searching in: 'C:\Program Files\dotnet\sdk\7.0.302\Extensions'.
TpTrace Information: 0 : 19512, 1, 2023/07/25, 23:39:53.968, 4702468009632, vstest.console.dll, AssemblyResolver.OnResolve: Microsoft.Diagnostics.NETCore.Client: Loading assembly 'C:\Program Files\dotnet\sdk\7.0.302\Extensions\Microsoft.Diagnostics.NETCore.Client.dll'.
TpTrace Information: 0 : 19512, 1, 2023/07/25, 23:39:53.971, 4702468037796, vstest.console.dll, AssemblyResolver.OnResolve: Resolved assembly: Microsoft.Diagnostics.NETCore.Client, from path: C:\Program Files\dotnet\sdk\7.0.302\Extensions\Microsoft.Diagnostics.NETCore.Client.dll
TpTrace Verbose: 0 : 19512, 1, 2023/07/25, 23:39:53.972, 4702468045824, vstest.console.dll, MetadataReaderExtensionsHelper: Discovering extensions inside assembly 'Microsoft.Diagnostics.NETCore.Client, Version=0.2.6.42401, Culture=neutral, PublicKeyToken=31bf3856ad364e35' file path 'C:\Program Files\dotnet\sdk\7.0.302\Extensions\Microsoft.Diagnostics.NETCore.Client.dll'
TpTrace Information: 0 : 19512, 1, 2023/07/25, 23:39:53.975, 4702468070034, vstest.console.dll, AssemblyResolver.OnResolve: Microsoft.Bcl.AsyncInterfaces: Resolving assembly.
TpTrace Information: 0 : 19512, 1, 2023/07/25, 23:39:53.975, 4702468070670, vstest.console.dll, AssemblyResolver.OnResolve: Microsoft.Bcl.AsyncInterfaces: Searching in: 'C:\Program Files\dotnet\sdk\7.0.302\Extensions'.
TpTrace Information: 0 : 19512, 1, 2023/07/25, 23:39:53.975, 4702468071441, vstest.console.dll, AssemblyResolver.OnResolve: Microsoft.Bcl.AsyncInterfaces: Assembly path does not exist: 'C:\Program Files\dotnet\sdk\7.0.302\Extensions\Microsoft.Bcl.AsyncInterfaces.dll', returning.
TpTrace Information: 0 : 19512, 1, 2023/07/25, 23:39:53.975, 4702468071847, vstest.console.dll, AssemblyResolver.OnResolve: Microsoft.Bcl.AsyncInterfaces: Assembly path does not exist: 'C:\Program Files\dotnet\sdk\7.0.302\Extensions\Microsoft.Bcl.AsyncInterfaces.exe', returning.
TpTrace Information: 0 : 19512, 1, 2023/07/25, 23:39:53.975, 4702468072048, vstest.console.dll, AssemblyResolver.OnResolve: Microsoft.Bcl.AsyncInterfaces: Searching in: 'C:\Program Files\dotnet\sdk\7.0.302'.
TpTrace Information: 0 : 19512, 1, 2023/07/25, 23:39:53.975, 4702468072373, vstest.console.dll, AssemblyResolver.OnResolve: Microsoft.Bcl.AsyncInterfaces: Assembly path does not exist: 'C:\Program Files\dotnet\sdk\7.0.302\Microsoft.Bcl.AsyncInterfaces.dll', returning.
TpTrace Information: 0 : 19512, 1, 2023/07/25, 23:39:53.975, 4702468072660, vstest.console.dll, AssemblyResolver.OnResolve: Microsoft.Bcl.AsyncInterfaces: Assembly path does not exist: 'C:\Program Files\dotnet\sdk\7.0.302\Microsoft.Bcl.AsyncInterfaces.exe', returning.
TpTrace Information: 0 : 19512, 1, 2023/07/25, 23:39:53.975, 4702468072860, vstest.console.dll, AssemblyResolver.OnResolve: Microsoft.Bcl.AsyncInterfaces: Failed to load assembly.
TpTrace Verbose: 0 : 19512, 1, 2023/07/25, 23:39:53.975, 4702468073093, vstest.console.dll, CurrentDomainAssemblyResolve: Resolving assembly 'Microsoft.Bcl.AsyncInterfaces'.
TpTrace Information: 0 : 19512, 1, 2023/07/25, 23:39:53.975, 4702468073500, vstest.console.dll, AssemblyResolver.OnResolve: Microsoft.Bcl.AsyncInterfaces: Resolving assembly.
TpTrace Information: 0 : 19512, 1, 2023/07/25, 23:39:53.975, 4702468073809, vstest.console.dll, AssemblyResolver.OnResolve: Microsoft.Bcl.AsyncInterfaces: Resolved from cache.
TpTrace Verbose: 0 : 19512, 1, 2023/07/25, 23:39:53.975, 4702468073996, vstest.console.dll, CurrentDomainAssemblyResolve: Resolving assembly 'Microsoft.Bcl.AsyncInterfaces'.
TpTrace Verbose: 0 : 19512, 1, 2023/07/25, 23:39:53.975, 4702468074220, vstest.console.dll, CurrentDomainAssemblyResolve: Failed to resolve assembly 'Microsoft.Bcl.AsyncInterfaces'.
TpTrace Verbose: 0 : 19512, 1, 2023/07/25, 23:39:53.978, 4702468109243, vstest.console.dll, CurrentDomainAssemblyResolve: Failed to resolve assembly 'Microsoft.Bcl.AsyncInterfaces'.
TpTrace Warning: 0 : 19512, 1, 2023/07/25, 23:39:53.991, 4702468235119, vstest.console.dll, TestPluginDiscoverer: Failed to get types from assembly 'Microsoft.Diagnostics.NETCore.Client, Version=0.2.6.42401, Culture=neutral, PublicKeyToken=31bf3856ad364e35'. Error: System.Reflection.ReflectionTypeLoadException: Unable to load one or more of the requested types.
Could not load file or assembly 'Microsoft.Bcl.AsyncInterfaces, Version=1.0.0.0, Culture=neutral, PublicKeyToken=cc7b13ffcd2ddd51'. Impossibile trovare il file specificato.
   at System.Reflection.RuntimeModule.GetTypes(RuntimeModule module)
   at System.Reflection.Assembly.GetTypes()
   at Microsoft.VisualStudio.TestPlatform.Common.ExtensionFramework.TestPluginDiscoverer.GetTestExtensionsFromAssembly[TPluginInfo,TExtension](Assembly assembly, Dictionary`2 pluginInfos, String filePath)
System.IO.FileNotFoundException: Could not load file or assembly 'Microsoft.Bcl.AsyncInterfaces, Version=1.0.0.0, Culture=neutral, PublicKeyToken=cc7b13ffcd2ddd51'. Impossibile trovare il file specificato.
File name: 'Microsoft.Bcl.AsyncInterfaces, Version=1.0.0.0, Culture=neutral, PublicKeyToken=cc7b13ffcd2ddd51'
 ---> System.IO.FileNotFoundException: Could not load file or assembly 'Microsoft.Bcl.AsyncInterfaces, Culture=neutral, PublicKeyToken=null'. Impossibile trovare il file specificato.
File name: 'Microsoft.Bcl.AsyncInterfaces, Culture=neutral, PublicKeyToken=null'
   at System.Reflection.RuntimeAssembly.InternalLoad(AssemblyName assemblyName, StackCrawlMark& stackMark, AssemblyLoadContext assemblyLoadContext, RuntimeAssembly requestingAssembly, Boolean throwOnFileNotFound)
   at System.Reflection.Assembly.Load(AssemblyName assemblyRef)
   at Microsoft.VisualStudio.TestPlatform.Common.ExtensionFramework.TestPluginCache.CurrentDomainAssemblyResolve(Object sender, AssemblyResolveEventArgs args)
   at System.Runtime.Loader.AssemblyLoadContext.GetFirstResolvedAssemblyFromResolvingEvent(AssemblyName assemblyName)
   at System.Runtime.Loader.AssemblyLoadContext.ResolveUsingEvent(AssemblyName assemblyName)
   at System.Runtime.Loader.AssemblyLoadContext.ResolveUsingResolvingEvent(IntPtr gchManagedAssemblyLoadContext, AssemblyName assemblyName)
TpTrace Warning: 0 : 19512, 1, 2023/07/25, 23:39:53.991, 4702468238448, vstest.console.dll, LoaderExceptions: System.IO.FileNotFoundException: Could not load file or assembly 'Microsoft.Bcl.AsyncInterfaces, Version=1.0.0.0, Culture=neutral, PublicKeyToken=cc7b13ffcd2ddd51'. Impossibile trovare il file specificato.
File name: 'Microsoft.Bcl.AsyncInterfaces, Version=1.0.0.0, Culture=neutral, PublicKeyToken=cc7b13ffcd2ddd51'
 ---> System.IO.FileNotFoundException: Could not load file or assembly 'Microsoft.Bcl.AsyncInterfaces, Culture=neutral, PublicKeyToken=null'. Impossibile trovare il file specificato.
File name: 'Microsoft.Bcl.AsyncInterfaces, Culture=neutral, PublicKeyToken=null'
   at System.Reflection.RuntimeAssembly.InternalLoad(AssemblyName assemblyName, StackCrawlMark& stackMark, AssemblyLoadContext assemblyLoadContext, RuntimeAssembly requestingAssembly, Boolean throwOnFileNotFound)
   at System.Reflection.Assembly.Load(AssemblyName assemblyRef)
   at Microsoft.VisualStudio.TestPlatform.Common.ExtensionFramework.TestPluginCache.CurrentDomainAssemblyResolve(Object sender, AssemblyResolveEventArgs args)
   at System.Runtime.Loader.AssemblyLoadContext.GetFirstResolvedAssemblyFromResolvingEvent(AssemblyName assemblyName)
   at System.Runtime.Loader.AssemblyLoadContext.ResolveUsingEvent(AssemblyName assemblyName)
   at System.Runtime.Loader.AssemblyLoadContext.ResolveUsingResolvingEvent(IntPtr gchManagedAssemblyLoadContext, AssemblyName assemblyName)
TpTrace Information: 0 : 19512, 1, 2023/07/25, 23:39:53.991, 4702468239784, vstest.console.dll, AssemblyResolver.OnResolve: Microsoft.TestPlatform.Extensions.BlameDataCollector: Resolving assembly.
TpTrace Information: 0 : 19512, 1, 2023/07/25, 23:39:53.992, 4702468240208, vstest.console.dll, AssemblyResolver.OnResolve: Microsoft.TestPlatform.Extensions.BlameDataCollector: Searching in: 'C:\Program Files\dotnet\sdk\7.0.302\Extensions'.
TpTrace Information: 0 : 19512, 1, 2023/07/25, 23:39:53.993, 4702468250996, vstest.console.dll, AssemblyResolver.OnResolve: Microsoft.TestPlatform.Extensions.BlameDataCollector: Loading assembly 'C:\Program Files\dotnet\sdk\7.0.302\Extensions\Microsoft.TestPlatform.Extensions.BlameDataCollector.dll'.
TpTrace Information: 0 : 19512, 1, 2023/07/25, 23:39:53.995, 4702468271917, vstest.console.dll, AssemblyResolver.OnResolve: Resolved assembly: Microsoft.TestPlatform.Extensions.BlameDataCollector, from path: C:\Program Files\dotnet\sdk\7.0.302\Extensions\Microsoft.TestPlatform.Extensions.BlameDataCollector.dll
TpTrace Verbose: 0 : 19512, 1, 2023/07/25, 23:39:53.995, 4702468272768, vstest.console.dll, MetadataReaderExtensionsHelper: Discovering extensions inside assembly 'Microsoft.TestPlatform.Extensions.BlameDataCollector, Version=15.0.0.0, Culture=neutral, PublicKeyToken=b03f5f7f11d50a3a' file path 'C:\Program Files\dotnet\sdk\7.0.302\Extensions\Microsoft.TestPlatform.Extensions.BlameDataCollector.dll'
TpTrace Information: 0 : 19512, 1, 2023/07/25, 23:39:53.996, 4702468284288, vstest.console.dll, AssemblyResolver.OnResolve: Microsoft.TestPlatform.Extensions.EventLogCollector: Resolving assembly.
TpTrace Information: 0 : 19512, 1, 2023/07/25, 23:39:53.996, 4702468284900, vstest.console.dll, AssemblyResolver.OnResolve: Microsoft.TestPlatform.Extensions.EventLogCollector: Searching in: 'C:\Program Files\dotnet\sdk\7.0.302\Extensions'.
TpTrace Information: 0 : 19512, 1, 2023/07/25, 23:39:53.997, 4702468290484, vstest.console.dll, AssemblyResolver.OnResolve: Microsoft.TestPlatform.Extensions.EventLogCollector: Loading assembly 'C:\Program Files\dotnet\sdk\7.0.302\Extensions\Microsoft.TestPlatform.Extensions.EventLogCollector.dll'.
TpTrace Information: 0 : 19512, 1, 2023/07/25, 23:39:53.998, 4702468308878, vstest.console.dll, AssemblyResolver.OnResolve: Resolved assembly: Microsoft.TestPlatform.Extensions.EventLogCollector, from path: C:\Program Files\dotnet\sdk\7.0.302\Extensions\Microsoft.TestPlatform.Extensions.EventLogCollector.dll
TpTrace Verbose: 0 : 19512, 1, 2023/07/25, 23:39:53.998, 4702468309558, vstest.console.dll, MetadataReaderExtensionsHelper: Discovering extensions inside assembly 'Microsoft.TestPlatform.Extensions.EventLogCollector, Version=15.0.0.0, Culture=neutral, PublicKeyToken=b03f5f7f11d50a3a' file path 'C:\Program Files\dotnet\sdk\7.0.302\Extensions\Microsoft.TestPlatform.Extensions.EventLogCollector.dll'
TpTrace Information: 0 : 19512, 1, 2023/07/25, 23:39:54.003, 4702468357370, vstest.console.dll, AssemblyResolver.OnResolve: Microsoft.TestPlatform.TestHostRuntimeProvider: Resolving assembly.
TpTrace Information: 0 : 19512, 1, 2023/07/25, 23:39:54.003, 4702468358163, vstest.console.dll, AssemblyResolver.OnResolve: Microsoft.TestPlatform.TestHostRuntimeProvider: Searching in: 'C:\Program Files\dotnet\sdk\7.0.302\Extensions'.
TpTrace Information: 0 : 19512, 1, 2023/07/25, 23:39:54.004, 4702468366599, vstest.console.dll, AssemblyResolver.OnResolve: Microsoft.TestPlatform.TestHostRuntimeProvider: Loading assembly 'C:\Program Files\dotnet\sdk\7.0.302\Extensions\Microsoft.TestPlatform.TestHostRuntimeProvider.dll'.
TpTrace Information: 0 : 19512, 1, 2023/07/25, 23:39:54.006, 4702468383311, vstest.console.dll, AssemblyResolver.OnResolve: Resolved assembly: Microsoft.TestPlatform.TestHostRuntimeProvider, from path: C:\Program Files\dotnet\sdk\7.0.302\Extensions\Microsoft.TestPlatform.TestHostRuntimeProvider.dll
TpTrace Verbose: 0 : 19512, 1, 2023/07/25, 23:39:54.006, 4702468384078, vstest.console.dll, MetadataReaderExtensionsHelper: Discovering extensions inside assembly 'Microsoft.TestPlatform.TestHostRuntimeProvider, Version=15.0.0.0, Culture=neutral, PublicKeyToken=b03f5f7f11d50a3a' file path 'C:\Program Files\dotnet\sdk\7.0.302\Extensions\Microsoft.TestPlatform.TestHostRuntimeProvider.dll'
TpTrace Information: 0 : 19512, 1, 2023/07/25, 23:39:54.007, 4702468396973, vstest.console.dll, GetTestExtensionFromType: Register extension with identifier data 'HostProvider://DefaultTestHost' and type 'Microsoft.VisualStudio.TestPlatform.CrossPlatEngine.Hosting.DefaultTestHostManager, Microsoft.TestPlatform.TestHostRuntimeProvider, Version=15.0.0.0, Culture=neutral, PublicKeyToken=b03f5f7f11d50a3a' inside file 'C:\Program Files\dotnet\sdk\7.0.302\Extensions\Microsoft.TestPlatform.TestHostRuntimeProvider.dll'
TpTrace Information: 0 : 19512, 1, 2023/07/25, 23:39:54.007, 4702468398970, vstest.console.dll, GetTestExtensionFromType: Register extension with identifier data 'HostProvider://DotnetTestHost' and type 'Microsoft.VisualStudio.TestPlatform.CrossPlatEngine.Hosting.DotnetTestHostManager, Microsoft.TestPlatform.TestHostRuntimeProvider, Version=15.0.0.0, Culture=neutral, PublicKeyToken=b03f5f7f11d50a3a' inside file 'C:\Program Files\dotnet\sdk\7.0.302\Extensions\Microsoft.TestPlatform.TestHostRuntimeProvider.dll'
TpTrace Information: 0 : 19512, 1, 2023/07/25, 23:39:54.007, 4702468399619, vstest.console.dll, AssemblyResolver.OnResolve: Microsoft.VisualStudio.TestPlatform.Extensions.Html.TestLogger: Resolving assembly.
TpTrace Information: 0 : 19512, 1, 2023/07/25, 23:39:54.007, 4702468399955, vstest.console.dll, AssemblyResolver.OnResolve: Microsoft.VisualStudio.TestPlatform.Extensions.Html.TestLogger: Searching in: 'C:\Program Files\dotnet\sdk\7.0.302\Extensions'.
TpTrace Information: 0 : 19512, 1, 2023/07/25, 23:39:54.009, 4702468410368, vstest.console.dll, AssemblyResolver.OnResolve: Microsoft.VisualStudio.TestPlatform.Extensions.Html.TestLogger: Loading assembly 'C:\Program Files\dotnet\sdk\7.0.302\Extensions\Microsoft.VisualStudio.TestPlatform.Extensions.Html.TestLogger.dll'.
TpTrace Information: 0 : 19512, 1, 2023/07/25, 23:39:54.010, 4702468426380, vstest.console.dll, AssemblyResolver.OnResolve: Resolved assembly: Microsoft.VisualStudio.TestPlatform.Extensions.Html.TestLogger, from path: C:\Program Files\dotnet\sdk\7.0.302\Extensions\Microsoft.VisualStudio.TestPlatform.Extensions.Html.TestLogger.dll
TpTrace Verbose: 0 : 19512, 1, 2023/07/25, 23:39:54.010, 4702468427060, vstest.console.dll, MetadataReaderExtensionsHelper: Discovering extensions inside assembly 'Microsoft.VisualStudio.TestPlatform.Extensions.Html.TestLogger, Version=15.0.0.0, Culture=neutral, PublicKeyToken=b03f5f7f11d50a3a' file path 'C:\Program Files\dotnet\sdk\7.0.302\Extensions\Microsoft.VisualStudio.TestPlatform.Extensions.Html.TestLogger.dll'
TpTrace Information: 0 : 19512, 1, 2023/07/25, 23:39:54.011, 4702468433342, vstest.console.dll, AssemblyResolver.OnResolve: Microsoft.VisualStudio.TestPlatform.Extensions.Trx.TestLogger: Resolving assembly.
TpTrace Information: 0 : 19512, 1, 2023/07/25, 23:39:54.011, 4702468434006, vstest.console.dll, AssemblyResolver.OnResolve: Microsoft.VisualStudio.TestPlatform.Extensions.Trx.TestLogger: Searching in: 'C:\Program Files\dotnet\sdk\7.0.302\Extensions'.
TpTrace Information: 0 : 19512, 1, 2023/07/25, 23:39:54.012, 4702468446348, vstest.console.dll, AssemblyResolver.OnResolve: Microsoft.VisualStudio.TestPlatform.Extensions.Trx.TestLogger: Loading assembly 'C:\Program Files\dotnet\sdk\7.0.302\Extensions\Microsoft.VisualStudio.TestPlatform.Extensions.Trx.TestLogger.dll'.
TpTrace Information: 0 : 19512, 1, 2023/07/25, 23:39:54.015, 4702468471298, vstest.console.dll, AssemblyResolver.OnResolve: Resolved assembly: Microsoft.VisualStudio.TestPlatform.Extensions.Trx.TestLogger, from path: C:\Program Files\dotnet\sdk\7.0.302\Extensions\Microsoft.VisualStudio.TestPlatform.Extensions.Trx.TestLogger.dll
TpTrace Verbose: 0 : 19512, 1, 2023/07/25, 23:39:54.015, 4702468472131, vstest.console.dll, MetadataReaderExtensionsHelper: Discovering extensions inside assembly 'Microsoft.VisualStudio.TestPlatform.Extensions.Trx.TestLogger, Version=15.0.0.0, Culture=neutral, PublicKeyToken=b03f5f7f11d50a3a' file path 'C:\Program Files\dotnet\sdk\7.0.302\Extensions\Microsoft.VisualStudio.TestPlatform.Extensions.Trx.TestLogger.dll'
TpTrace Verbose: 0 : 19512, 1, 2023/07/25, 23:39:54.016, 4702468480980, vstest.console.dll, TestPluginCache: Discovered the extensions using extension path ''.
TpTrace Verbose: 0 : 19512, 1, 2023/07/25, 23:39:54.016, 4702468481503, vstest.console.dll, TestPluginCache: Discoverers are ''.
TpTrace Verbose: 0 : 19512, 1, 2023/07/25, 23:39:54.016, 4702468481720, vstest.console.dll, TestPluginCache: Executors are ''.
TpTrace Verbose: 0 : 19512, 1, 2023/07/25, 23:39:54.016, 4702468481927, vstest.console.dll, TestPluginCache: Executors2 are ''.
TpTrace Verbose: 0 : 19512, 1, 2023/07/25, 23:39:54.016, 4702468482131, vstest.console.dll, TestPluginCache: Setting providers are ''.
TpTrace Verbose: 0 : 19512, 1, 2023/07/25, 23:39:54.016, 4702468482298, vstest.console.dll, TestPluginCache: Loggers are ''.
TpTrace Verbose: 0 : 19512, 1, 2023/07/25, 23:39:54.016, 4702468483276, vstest.console.dll, TestPluginCache: TestHosts are 'HostProvider://DefaultTestHost,HostProvider://DotnetTestHost'.
TpTrace Verbose: 0 : 19512, 1, 2023/07/25, 23:39:54.016, 4702468483548, vstest.console.dll, TestPluginCache: DataCollectors are ''.
TpTrace Information: 0 : 19512, 1, 2023/07/25, 23:39:54.037, 4702468696664, vstest.console.dll, RunTestsArgumentProcessor:Execute: Test run is starting.
TpTrace Verbose: 0 : 19512, 1, 2023/07/25, 23:39:54.037, 4702468697579, vstest.console.dll, RunTestsArgumentProcessor:Execute: Queuing Test run.
TpTrace Information: 0 : 19512, 1, 2023/07/25, 23:39:54.037, 4702468699225, vstest.console.dll, TestRequestManager.RunTests: run tests started.
TpTrace Information: 0 : 19512, 1, 2023/07/25, 23:39:54.043, 4702468751864, vstest.console.dll, AssemblyMetadataProvider.GetFrameworkName: Determined framework:'.NETCoreApp,Version=v6.0' for source: 'C:\Users\barba\Desktop\Codecool\Csharp\SOLID\seasonal-product-discounter-4-1q2023-csharp-baska98\CodeCool.SeasonalProductDiscounterTest\bin\Debug\net6.0\fine-code-coverage\build-output\CodeCool.SeasonalProductDiscounterTest.dll'
TpTrace Information: 0 : 19512, 1, 2023/07/25, 23:39:54.043, 4702468753945, vstest.console.dll, Determined framework for all sources: .NETCoreApp,Version=v6.0
TpTrace Verbose: 0 : 19512, 1, 2023/07/25, 23:39:54.043, 4702468757054, vstest.console.dll, TestRequestManager.UpdateRunSettingsIfRequired: Default architecture: X64 IsDefaultTargetArchitecture: True, Current process architecture: X64 OperatingSystem: Windows.
TpTrace Information: 0 : 19512, 1, 2023/07/25, 23:39:54.045, 4702468770009, vstest.console.dll, AssemblyMetadataProvider.GetArchitecture: Determined architecture:AnyCPU info for assembly: C:\Users\barba\Desktop\Codecool\Csharp\SOLID\seasonal-product-discounter-4-1q2023-csharp-baska98\CodeCool.SeasonalProductDiscounterTest\bin\Debug\net6.0\fine-code-coverage\build-output\CodeCool.SeasonalProductDiscounterTest.dll
TpTrace Information: 0 : 19512, 1, 2023/07/25, 23:39:54.045, 4702468770698, vstest.console.dll, Determined platform for source 'C:\Users\barba\Desktop\Codecool\Csharp\SOLID\seasonal-product-discounter-4-1q2023-csharp-baska98\CodeCool.SeasonalProductDiscounterTest\bin\Debug\net6.0\fine-code-coverage\build-output\CodeCool.SeasonalProductDiscounterTest.dll' was AnyCPU and it will use the default plaform X64.
TpTrace Information: 0 : 19512, 1, 2023/07/25, 23:39:54.045, 4702468770984, vstest.console.dll, None of the sources provided any runnable platform, using the default platform: X64
TpTrace Information: 0 : 19512, 1, 2023/07/25, 23:39:54.045, 4702468771742, vstest.console.dll, Platform was updated to 'X64'.
TpTrace Information: 0 : 19512, 1, 2023/07/25, 23:39:54.050, 4702468822088, vstest.console.dll, InferRunSettingsHelper.IsTestSettingsEnabled: Unable to navigate to RunSettings/MSTest. Current node: RunSettings
TpTrace Information: 0 : 19512, 1, 2023/07/25, 23:39:54.051, 4702468833329, vstest.console.dll, AssemblyResolver.OnResolve: Microsoft.VisualStudio.TestPlatform.Fakes: Resolving assembly.
TpTrace Information: 0 : 19512, 1, 2023/07/25, 23:39:54.051, 4702468833982, vstest.console.dll, AssemblyResolver.OnResolve: Microsoft.VisualStudio.TestPlatform.Fakes: Searching in: 'C:\Program Files\dotnet\sdk\7.0.302\Extensions'.
TpTrace Information: 0 : 19512, 1, 2023/07/25, 23:39:54.051, 4702468834500, vstest.console.dll, AssemblyResolver.OnResolve: Microsoft.VisualStudio.TestPlatform.Fakes: Assembly path does not exist: 'C:\Program Files\dotnet\sdk\7.0.302\Extensions\Microsoft.VisualStudio.TestPlatform.Fakes.dll', returning.
TpTrace Information: 0 : 19512, 1, 2023/07/25, 23:39:54.051, 4702468834830, vstest.console.dll, AssemblyResolver.OnResolve: Microsoft.VisualStudio.TestPlatform.Fakes: Assembly path does not exist: 'C:\Program Files\dotnet\sdk\7.0.302\Extensions\Microsoft.VisualStudio.TestPlatform.Fakes.exe', returning.
TpTrace Information: 0 : 19512, 1, 2023/07/25, 23:39:54.051, 4702468835064, vstest.console.dll, AssemblyResolver.OnResolve: Microsoft.VisualStudio.TestPlatform.Fakes: Searching in: 'C:\Program Files\dotnet\sdk\7.0.302'.
TpTrace Information: 0 : 19512, 1, 2023/07/25, 23:39:54.051, 4702468835398, vstest.console.dll, AssemblyResolver.OnResolve: Microsoft.VisualStudio.TestPlatform.Fakes: Assembly path does not exist: 'C:\Program Files\dotnet\sdk\7.0.302\Microsoft.VisualStudio.TestPlatform.Fakes.dll', returning.
TpTrace Information: 0 : 19512, 1, 2023/07/25, 23:39:54.051, 4702468835692, vstest.console.dll, AssemblyResolver.OnResolve: Microsoft.VisualStudio.TestPlatform.Fakes: Assembly path does not exist: 'C:\Program Files\dotnet\sdk\7.0.302\Microsoft.VisualStudio.TestPlatform.Fakes.exe', returning.
TpTrace Information: 0 : 19512, 1, 2023/07/25, 23:39:54.051, 4702468835875, vstest.console.dll, AssemblyResolver.OnResolve: Microsoft.VisualStudio.TestPlatform.Fakes: Failed to load assembly.
TpTrace Information: 0 : 19512, 1, 2023/07/25, 23:39:54.051, 4702468837828, vstest.console.dll, Failed to load assembly Microsoft.VisualStudio.TestPlatform.Fakes, Version=17.0.0.0, Culture=neutral. Reason:System.IO.FileNotFoundException: Could not load file or assembly 'Microsoft.VisualStudio.TestPlatform.Fakes, Version=17.0.0.0, Culture=neutral, PublicKeyToken=null'. Impossibile trovare il file specificato.
File name: 'Microsoft.VisualStudio.TestPlatform.Fakes, Version=17.0.0.0, Culture=neutral, PublicKeyToken=null'
   at System.Reflection.RuntimeAssembly.InternalLoad(AssemblyName assemblyName, StackCrawlMark& stackMark, AssemblyLoadContext assemblyLoadContext, RuntimeAssembly requestingAssembly, Boolean throwOnFileNotFound)
   at System.Reflection.Assembly.Load(AssemblyName assemblyRef)
   at Microsoft.VisualStudio.TestPlatform.Common.Utilities.FakesUtilities.LoadTestPlatformAssembly()
TpTrace Verbose: 0 : 19512, 1, 2023/07/25, 23:39:54.054, 4702468866582, vstest.console.dll, TestPluginCache.DiscoverTestExtensions: finding test extensions in assemblies ends with: TestLogger.dll TPluginInfo: Microsoft.VisualStudio.TestPlatform.Common.ExtensionFramework.Utilities.TestLoggerPluginInformation TExtension: Microsoft.VisualStudio.TestPlatform.ObjectModel.Client.ITestLogger
TpTrace Verbose: 0 : 19512, 1, 2023/07/25, 23:39:54.054, 4702468867295, vstest.console.dll, TestPluginCache.GetExtensionPaths: Filtered extension paths: 
TpTrace Verbose: 0 : 19512, 1, 2023/07/25, 23:39:54.054, 4702468867543, vstest.console.dll, TestPluginCache.GetExtensionPaths: Added default extension paths: C:\Program Files\dotnet\sdk\7.0.302\Extensions\Microsoft.Diagnostics.NETCore.Client.dll
C:\Program Files\dotnet\sdk\7.0.302\Extensions\Microsoft.TestPlatform.Extensions.BlameDataCollector.dll
C:\Program Files\dotnet\sdk\7.0.302\Extensions\Microsoft.TestPlatform.Extensions.EventLogCollector.dll
C:\Program Files\dotnet\sdk\7.0.302\Extensions\Microsoft.TestPlatform.TestHostRuntimeProvider.dll
C:\Program Files\dotnet\sdk\7.0.302\Extensions\Microsoft.VisualStudio.TestPlatform.Extensions.Html.TestLogger.dll
C:\Program Files\dotnet\sdk\7.0.302\Extensions\Microsoft.VisualStudio.TestPlatform.Extensions.Trx.TestLogger.dll
TpTrace Verbose: 0 : 19512, 1, 2023/07/25, 23:39:54.054, 4702468867786, vstest.console.dll, TestPluginCache.GetExtensionPaths: Added unfilterableExtensionPaths: 
TpTrace Information: 0 : 19512, 1, 2023/07/25, 23:39:54.054, 4702468868540, vstest.console.dll, AssemblyResolver.AddSearchDirectories: Adding more searchDirectories C:\Program Files\dotnet\sdk\7.0.302\Extensions,C:\Program Files\dotnet\sdk\7.0.302
TpTrace Verbose: 0 : 19512, 1, 2023/07/25, 23:39:54.054, 4702468868857, vstest.console.dll, TestPluginCache.DiscoverTestExtensions: Discovering the extensions using extension path.
TpTrace Verbose: 0 : 19512, 1, 2023/07/25, 23:39:54.054, 4702468869088, vstest.console.dll, TestPluginCache.GetExtensionPaths: Filtered extension paths: 
TpTrace Verbose: 0 : 19512, 1, 2023/07/25, 23:39:54.054, 4702468869311, vstest.console.dll, TestPluginCache.GetExtensionPaths: Added default extension paths: C:\Program Files\dotnet\sdk\7.0.302\Extensions\Microsoft.Diagnostics.NETCore.Client.dll
C:\Program Files\dotnet\sdk\7.0.302\Extensions\Microsoft.TestPlatform.Extensions.BlameDataCollector.dll
C:\Program Files\dotnet\sdk\7.0.302\Extensions\Microsoft.TestPlatform.Extensions.EventLogCollector.dll
C:\Program Files\dotnet\sdk\7.0.302\Extensions\Microsoft.TestPlatform.TestHostRuntimeProvider.dll
C:\Program Files\dotnet\sdk\7.0.302\Extensions\Microsoft.VisualStudio.TestPlatform.Extensions.Html.TestLogger.dll
C:\Program Files\dotnet\sdk\7.0.302\Extensions\Microsoft.VisualStudio.TestPlatform.Extensions.Trx.TestLogger.dll
TpTrace Verbose: 0 : 19512, 1, 2023/07/25, 23:39:54.054, 4702468869499, vstest.console.dll, TestPluginCache.GetExtensionPaths: Added unfilterableExtensionPaths: 
TpTrace Verbose: 0 : 19512, 1, 2023/07/25, 23:39:54.054, 4702468869713, vstest.console.dll, TestPluginCache.DiscoverTestExtensions: Discovering the extensions using allExtensionPaths: C:\Program Files\dotnet\sdk\7.0.302\Extensions\Microsoft.Diagnostics.NETCore.Client.dll
C:\Program Files\dotnet\sdk\7.0.302\Extensions\Microsoft.TestPlatform.Extensions.BlameDataCollector.dll
C:\Program Files\dotnet\sdk\7.0.302\Extensions\Microsoft.TestPlatform.Extensions.EventLogCollector.dll
C:\Program Files\dotnet\sdk\7.0.302\Extensions\Microsoft.TestPlatform.TestHostRuntimeProvider.dll
C:\Program Files\dotnet\sdk\7.0.302\Extensions\Microsoft.VisualStudio.TestPlatform.Extensions.Html.TestLogger.dll
C:\Program Files\dotnet\sdk\7.0.302\Extensions\Microsoft.VisualStudio.TestPlatform.Extensions.Trx.TestLogger.dll
TpTrace Information: 0 : 19512, 1, 2023/07/25, 23:39:54.055, 4702468870323, vstest.console.dll, AssemblyResolver.AddSearchDirectories: Adding more searchDirectories C:\Program Files\dotnet\sdk\7.0.302\Extensions,C:\Program Files\dotnet\sdk\7.0.302
TpTrace Information: 0 : 19512, 1, 2023/07/25, 23:39:54.055, 4702468870594, vstest.console.dll, AssemblyResolver.AddSearchDirectories: Adding more searchDirectories C:\Program Files\dotnet\sdk\7.0.302\Extensions,C:\Program Files\dotnet\sdk\7.0.302
TpTrace Information: 0 : 19512, 1, 2023/07/25, 23:39:54.055, 4702468870785, vstest.console.dll, AssemblyResolver.AddSearchDirectories: Adding more searchDirectories C:\Program Files\dotnet\sdk\7.0.302\Extensions,C:\Program Files\dotnet\sdk\7.0.302
TpTrace Information: 0 : 19512, 1, 2023/07/25, 23:39:54.055, 4702468870970, vstest.console.dll, AssemblyResolver.AddSearchDirectories: Adding more searchDirectories C:\Program Files\dotnet\sdk\7.0.302\Extensions,C:\Program Files\dotnet\sdk\7.0.302
TpTrace Information: 0 : 19512, 1, 2023/07/25, 23:39:54.055, 4702468871611, vstest.console.dll, AssemblyResolver.AddSearchDirectories: Adding more searchDirectories C:\Program Files\dotnet\sdk\7.0.302\Extensions,C:\Program Files\dotnet\sdk\7.0.302
TpTrace Information: 0 : 19512, 1, 2023/07/25, 23:39:54.055, 4702468871801, vstest.console.dll, AssemblyResolver.AddSearchDirectories: Adding more searchDirectories C:\Program Files\dotnet\sdk\7.0.302\Extensions,C:\Program Files\dotnet\sdk\7.0.302
TpTrace Verbose: 0 : 19512, 1, 2023/07/25, 23:39:54.055, 4702468872506, vstest.console.dll, MetadataReaderExtensionsHelper: Discovering extensions inside assembly 'Microsoft.Diagnostics.NETCore.Client, Version=0.2.6.42401, Culture=neutral, PublicKeyToken=31bf3856ad364e35' file path 'C:\Program Files\dotnet\sdk\7.0.302\Extensions\Microsoft.Diagnostics.NETCore.Client.dll'
TpTrace Information: 0 : 19512, 1, 2023/07/25, 23:39:54.055, 4702468877092, vstest.console.dll, AssemblyResolver.OnResolve: Microsoft.Bcl.AsyncInterfaces: Resolving assembly.
TpTrace Information: 0 : 19512, 1, 2023/07/25, 23:39:54.055, 4702468877537, vstest.console.dll, AssemblyResolver.OnResolve: Microsoft.Bcl.AsyncInterfaces: Resolved from cache.
TpTrace Verbose: 0 : 19512, 1, 2023/07/25, 23:39:54.055, 4702468877748, vstest.console.dll, CurrentDomainAssemblyResolve: Resolving assembly 'Microsoft.Bcl.AsyncInterfaces'.
TpTrace Information: 0 : 19512, 1, 2023/07/25, 23:39:54.055, 4702468878030, vstest.console.dll, AssemblyResolver.OnResolve: Microsoft.Bcl.AsyncInterfaces: Resolving assembly.
TpTrace Information: 0 : 19512, 1, 2023/07/25, 23:39:54.055, 4702468878219, vstest.console.dll, AssemblyResolver.OnResolve: Microsoft.Bcl.AsyncInterfaces: Resolved from cache.
TpTrace Verbose: 0 : 19512, 1, 2023/07/25, 23:39:54.055, 4702468878421, vstest.console.dll, CurrentDomainAssemblyResolve: Resolving assembly 'Microsoft.Bcl.AsyncInterfaces'.
TpTrace Verbose: 0 : 19512, 1, 2023/07/25, 23:39:54.055, 4702468878595, vstest.console.dll, CurrentDomainAssemblyResolve: Failed to resolve assembly 'Microsoft.Bcl.AsyncInterfaces'.
TpTrace Verbose: 0 : 19512, 1, 2023/07/25, 23:39:54.055, 4702468879580, vstest.console.dll, CurrentDomainAssemblyResolve: Failed to resolve assembly 'Microsoft.Bcl.AsyncInterfaces'.
TpTrace Warning: 0 : 19512, 1, 2023/07/25, 23:39:54.056, 4702468882379, vstest.console.dll, TestPluginDiscoverer: Failed to get types from assembly 'Microsoft.Diagnostics.NETCore.Client, Version=0.2.6.42401, Culture=neutral, PublicKeyToken=31bf3856ad364e35'. Error: System.Reflection.ReflectionTypeLoadException: Unable to load one or more of the requested types.
Could not load file or assembly 'Microsoft.Bcl.AsyncInterfaces, Version=1.0.0.0, Culture=neutral, PublicKeyToken=cc7b13ffcd2ddd51'. Impossibile trovare il file specificato.
   at System.Reflection.RuntimeModule.GetTypes(RuntimeModule module)
   at System.Reflection.Assembly.GetTypes()
   at Microsoft.VisualStudio.TestPlatform.Common.ExtensionFramework.TestPluginDiscoverer.GetTestExtensionsFromAssembly[TPluginInfo,TExtension](Assembly assembly, Dictionary`2 pluginInfos, String filePath)
System.IO.FileNotFoundException: Could not load file or assembly 'Microsoft.Bcl.AsyncInterfaces, Version=1.0.0.0, Culture=neutral, PublicKeyToken=cc7b13ffcd2ddd51'. Impossibile trovare il file specificato.
File name: 'Microsoft.Bcl.AsyncInterfaces, Version=1.0.0.0, Culture=neutral, PublicKeyToken=cc7b13ffcd2ddd51'
 ---> System.IO.FileNotFoundException: Could not load file or assembly 'Microsoft.Bcl.AsyncInterfaces, Culture=neutral, PublicKeyToken=null'. Impossibile trovare il file specificato.
File name: 'Microsoft.Bcl.AsyncInterfaces, Culture=neutral, PublicKeyToken=null'
   at System.Reflection.RuntimeAssembly.InternalLoad(AssemblyName assemblyName, StackCrawlMark& stackMark, AssemblyLoadContext assemblyLoadContext, RuntimeAssembly requestingAssembly, Boolean throwOnFileNotFound)
   at System.Reflection.Assembly.Load(AssemblyName assemblyRef)
   at Microsoft.VisualStudio.TestPlatform.Common.ExtensionFramework.TestPluginCache.CurrentDomainAssemblyResolve(Object sender, AssemblyResolveEventArgs args)
   at System.Runtime.Loader.AssemblyLoadContext.GetFirstResolvedAssemblyFromResolvingEvent(AssemblyName assemblyName)
   at System.Runtime.Loader.AssemblyLoadContext.ResolveUsingEvent(AssemblyName assemblyName)
   at System.Runtime.Loader.AssemblyLoadContext.ResolveUsingResolvingEvent(IntPtr gchManagedAssemblyLoadContext, AssemblyName assemblyName)
TpTrace Warning: 0 : 19512, 1, 2023/07/25, 23:39:54.056, 4702468883384, vstest.console.dll, LoaderExceptions: System.IO.FileNotFoundException: Could not load file or assembly 'Microsoft.Bcl.AsyncInterfaces, Version=1.0.0.0, Culture=neutral, PublicKeyToken=cc7b13ffcd2ddd51'. Impossibile trovare il file specificato.
File name: 'Microsoft.Bcl.AsyncInterfaces, Version=1.0.0.0, Culture=neutral, PublicKeyToken=cc7b13ffcd2ddd51'
 ---> System.IO.FileNotFoundException: Could not load file or assembly 'Microsoft.Bcl.AsyncInterfaces, Culture=neutral, PublicKeyToken=null'. Impossibile trovare il file specificato.
File name: 'Microsoft.Bcl.AsyncInterfaces, Culture=neutral, PublicKeyToken=null'
   at System.Reflection.RuntimeAssembly.InternalLoad(AssemblyName assemblyName, StackCrawlMark& stackMark, AssemblyLoadContext assemblyLoadContext, RuntimeAssembly requestingAssembly, Boolean throwOnFileNotFound)
   at System.Reflection.Assembly.Load(AssemblyName assemblyRef)
   at Microsoft.VisualStudio.TestPlatform.Common.ExtensionFramework.TestPluginCache.CurrentDomainAssemblyResolve(Object sender, AssemblyResolveEventArgs args)
   at System.Runtime.Loader.AssemblyLoadContext.GetFirstResolvedAssemblyFromResolvingEvent(AssemblyName assemblyName)
   at System.Runtime.Loader.AssemblyLoadContext.ResolveUsingEvent(AssemblyName assemblyName)
   at System.Runtime.Loader.AssemblyLoadContext.ResolveUsingResolvingEvent(IntPtr gchManagedAssemblyLoadContext, AssemblyName assemblyName)
TpTrace Verbose: 0 : 19512, 1, 2023/07/25, 23:39:54.056, 4702468884016, vstest.console.dll, MetadataReaderExtensionsHelper: Discovering extensions inside assembly 'Microsoft.TestPlatform.Extensions.BlameDataCollector, Version=15.0.0.0, Culture=neutral, PublicKeyToken=b03f5f7f11d50a3a' file path 'C:\Program Files\dotnet\sdk\7.0.302\Extensions\Microsoft.TestPlatform.Extensions.BlameDataCollector.dll'
TpTrace Information: 0 : 19512, 1, 2023/07/25, 23:39:54.056, 4702468887177, vstest.console.dll, GetTestExtensionFromType: Register extension with identifier data 'logger://Microsoft/TestPlatform/Extensions/Blame/v1' and type 'Microsoft.TestPlatform.Extensions.BlameDataCollector.BlameLogger, Microsoft.TestPlatform.Extensions.BlameDataCollector, Version=15.0.0.0, Culture=neutral, PublicKeyToken=b03f5f7f11d50a3a' inside file 'C:\Program Files\dotnet\sdk\7.0.302\Extensions\Microsoft.TestPlatform.Extensions.BlameDataCollector.dll'
TpTrace Verbose: 0 : 19512, 1, 2023/07/25, 23:39:54.056, 4702468887756, vstest.console.dll, MetadataReaderExtensionsHelper: Discovering extensions inside assembly 'Microsoft.TestPlatform.Extensions.EventLogCollector, Version=15.0.0.0, Culture=neutral, PublicKeyToken=b03f5f7f11d50a3a' file path 'C:\Program Files\dotnet\sdk\7.0.302\Extensions\Microsoft.TestPlatform.Extensions.EventLogCollector.dll'
TpTrace Verbose: 0 : 19512, 1, 2023/07/25, 23:39:54.056, 4702468889483, vstest.console.dll, MetadataReaderExtensionsHelper: Discovering extensions inside assembly 'Microsoft.TestPlatform.TestHostRuntimeProvider, Version=15.0.0.0, Culture=neutral, PublicKeyToken=b03f5f7f11d50a3a' file path 'C:\Program Files\dotnet\sdk\7.0.302\Extensions\Microsoft.TestPlatform.TestHostRuntimeProvider.dll'
TpTrace Verbose: 0 : 19512, 1, 2023/07/25, 23:39:54.057, 4702468891248, vstest.console.dll, MetadataReaderExtensionsHelper: Discovering extensions inside assembly 'Microsoft.VisualStudio.TestPlatform.Extensions.Html.TestLogger, Version=15.0.0.0, Culture=neutral, PublicKeyToken=b03f5f7f11d50a3a' file path 'C:\Program Files\dotnet\sdk\7.0.302\Extensions\Microsoft.VisualStudio.TestPlatform.Extensions.Html.TestLogger.dll'
TpTrace Information: 0 : 19512, 1, 2023/07/25, 23:39:54.057, 4702468894061, vstest.console.dll, GetTestExtensionFromType: Register extension with identifier data 'logger://Microsoft/TestPlatform/HtmlLogger/v1' and type 'Microsoft.VisualStudio.TestPlatform.Extensions.HtmlLogger.HtmlLogger, Microsoft.VisualStudio.TestPlatform.Extensions.Html.TestLogger, Version=15.0.0.0, Culture=neutral, PublicKeyToken=b03f5f7f11d50a3a' inside file 'C:\Program Files\dotnet\sdk\7.0.302\Extensions\Microsoft.VisualStudio.TestPlatform.Extensions.Html.TestLogger.dll'
TpTrace Verbose: 0 : 19512, 1, 2023/07/25, 23:39:54.057, 4702468894555, vstest.console.dll, MetadataReaderExtensionsHelper: Discovering extensions inside assembly 'Microsoft.VisualStudio.TestPlatform.Extensions.Trx.TestLogger, Version=15.0.0.0, Culture=neutral, PublicKeyToken=b03f5f7f11d50a3a' file path 'C:\Program Files\dotnet\sdk\7.0.302\Extensions\Microsoft.VisualStudio.TestPlatform.Extensions.Trx.TestLogger.dll'
TpTrace Information: 0 : 19512, 1, 2023/07/25, 23:39:54.057, 4702468896638, vstest.console.dll, GetTestExtensionFromType: Register extension with identifier data 'logger://Microsoft/TestPlatform/TrxLogger/v1' and type 'Microsoft.VisualStudio.TestPlatform.Extensions.TrxLogger.TrxLogger, Microsoft.VisualStudio.TestPlatform.Extensions.Trx.TestLogger, Version=15.0.0.0, Culture=neutral, PublicKeyToken=b03f5f7f11d50a3a' inside file 'C:\Program Files\dotnet\sdk\7.0.302\Extensions\Microsoft.VisualStudio.TestPlatform.Extensions.Trx.TestLogger.dll'
TpTrace Verbose: 0 : 19512, 1, 2023/07/25, 23:39:54.057, 4702468897176, vstest.console.dll, TestPluginCache: Discovered the extensions using extension path ''.
TpTrace Verbose: 0 : 19512, 1, 2023/07/25, 23:39:54.057, 4702468897407, vstest.console.dll, TestPluginCache: Discoverers are ''.
TpTrace Verbose: 0 : 19512, 1, 2023/07/25, 23:39:54.057, 4702468897662, vstest.console.dll, TestPluginCache: Executors are ''.
TpTrace Verbose: 0 : 19512, 1, 2023/07/25, 23:39:54.057, 4702468897837, vstest.console.dll, TestPluginCache: Executors2 are ''.
TpTrace Verbose: 0 : 19512, 1, 2023/07/25, 23:39:54.057, 4702468898013, vstest.console.dll, TestPluginCache: Setting providers are ''.
TpTrace Verbose: 0 : 19512, 1, 2023/07/25, 23:39:54.057, 4702468898483, vstest.console.dll, TestPluginCache: Loggers are 'logger://Microsoft/TestPlatform/Extensions/Blame/v1,logger://Microsoft/TestPlatform/HtmlLogger/v1,logger://Microsoft/TestPlatform/TrxLogger/v1'.
TpTrace Verbose: 0 : 19512, 1, 2023/07/25, 23:39:54.057, 4702468898782, vstest.console.dll, TestPluginCache: TestHosts are 'HostProvider://DefaultTestHost,HostProvider://DotnetTestHost'.
TpTrace Verbose: 0 : 19512, 1, 2023/07/25, 23:39:54.057, 4702468898973, vstest.console.dll, TestPluginCache: DataCollectors are ''.
TpTrace Information: 0 : 19512, 1, 2023/07/25, 23:39:54.058, 4702468904191, vstest.console.dll, TestPluginManager.CreateTestExtension: Attempting to load test extension: Microsoft.TestPlatform.Extensions.BlameDataCollector.BlameLogger
TpTrace Verbose: 0 : 19512, 1, 2023/07/25, 23:39:54.068, 4702469003188, vstest.console.dll, TestEngine: Initializing Parallel Execution as MaxCpuCount is set to: 1
TpTrace Information: 0 : 19512, 1, 2023/07/25, 23:39:54.069, 4702469017007, vstest.console.dll, TestPluginManager.CreateTestExtension: Attempting to load test extension: Microsoft.VisualStudio.TestPlatform.CrossPlatEngine.Hosting.DefaultTestHostManager
TpTrace Information: 0 : 19512, 1, 2023/07/25, 23:39:54.070, 4702469022428, vstest.console.dll, TestPluginManager.CreateTestExtension: Attempting to load test extension: Microsoft.VisualStudio.TestPlatform.CrossPlatEngine.Hosting.DotnetTestHostManager
TpTrace Information: 0 : 19512, 1, 2023/07/25, 23:39:54.070, 4702469026665, vstest.console.dll, InferRunSettingsHelper.IsTestSettingsEnabled: Unable to navigate to RunSettings/MSTest. Current node: RunSettings
TpTrace Verbose: 0 : 19512, 1, 2023/07/25, 23:39:54.073, 4702469059642, vstest.console.dll, TestEngine.GetExecutionManager: Chosen execution manager 'Microsoft.VisualStudio.TestPlatform.CrossPlatEngine.Client.Parallel.ParallelProxyExecutionManager, Microsoft.TestPlatform.CrossPlatEngine, Version=15.0.0.0, Culture=neutral, PublicKeyToken=b03f5f7f11d50a3a' ParallelLevel '1'.
TpTrace Verbose: 0 : 19512, 1, 2023/07/25, 23:39:54.074, 4702469060881, vstest.console.dll, TestRunRequest.ExecuteAsync: Creating test run request.
TpTrace Verbose: 0 : 19512, 1, 2023/07/25, 23:39:54.074, 4702469062506, vstest.console.dll, TestRunRequest.ExecuteAsync: Starting.
TpTrace Information: 0 : 19512, 1, 2023/07/25, 23:39:54.074, 4702469064510, vstest.console.dll, TestRunRequest.ExecuteAsync: Starting run with settings:TestRunCriteria:
   KeepAlive=False,FrequencyOfRunStatsChangeEvent=10,RunStatsChangeEventTimeout=00:00:01.5000000,TestCaseFilter=,TestExecutorLauncher=
   Settingsxml=<RunSettings>
  <RunConfiguration>
    <ResultsDirectory>C:\Users\barba\Desktop\Codecool\Csharp\SOLID\seasonal-product-discounter-4-1q2023-csharp-baska98\CodeCool.SeasonalProductDiscounterTest\bin\Debug\net6.0\fine-code-coverage\coverage-tool-output</ResultsDirectory>
    <TargetPlatform>X64</TargetPlatform>
    <TargetFrameworkVersion>.NETCoreApp,Version=v6.0</TargetFrameworkVersion>
    <DesignMode>False</DesignMode>
    <CollectSourceInformation>False</CollectSourceInformation>
  </RunConfiguration>
  <LoggerRunSettings>
    <Loggers>
      <Logger friendlyName="blame" enabled="True" />
      <Logger friendlyName="Console" uri="logger://microsoft/TestPlatform/ConsoleLogger/v1" assemblyQualifiedName="Microsoft.VisualStudio.TestPlatform.CommandLine.Internal.ConsoleLogger, vstest.console, Version=15.0.0.0, Culture=neutral, PublicKeyToken=b03f5f7f11d50a3a" codeBase="C:\Program Files\dotnet\sdk\7.0.302\vstest.console.dll" enabled="True" />
    </Loggers>
  </LoggerRunSettings>
  <DataCollectionRunSettings>
    <DataCollectors>
      <DataCollector friendlyName="blame" enabled="True">
        <Configuration>
          <ResultsDirectory>C:\Users\barba\Desktop\Codecool\Csharp\SOLID\seasonal-product-discounter-4-1q2023-csharp-baska98\CodeCool.SeasonalProductDiscounterTest\bin\Debug\net6.0\fine-code-coverage\coverage-tool-output</ResultsDirectory>
        </Configuration>
      </DataCollector>
    </DataCollectors>
  </DataCollectionRunSettings>
</RunSettings>

TpTrace Verbose: 0 : 19512, 1, 2023/07/25, 23:39:54.074, 4702469064936, vstest.console.dll, TestRunRequest.ExecuteAsync: Wait for the first run request is over.
TpTrace Verbose: 0 : 19512, 1, 2023/07/25, 23:39:54.074, 4702469067108, vstest.console.dll, MulticastDelegateUtilities.SafeInvoke: TestRun.TestRunStart: Invoking callbacks was skipped because there are no subscribers.
TpTrace Verbose: 0 : 19512, 4, 2023/07/25, 23:39:54.074, 4702469068645, vstest.console.dll, MulticastDelegateUtilities.SafeInvoke: InternalTestLoggerEvents.SendTestRunStart: Invoking callback 1/1 for Microsoft.VisualStudio.TestPlatform.CommandLine.Internal.ConsoleLogger., took 0 ms.
TpTrace Verbose: 0 : 19512, 1, 2023/07/25, 23:39:54.075, 4702469075007, vstest.console.dll, ParallelProxyExecutionManager: Start execution. Total sources: 1
TpTrace Verbose: 0 : 19512, 1, 2023/07/25, 23:39:54.076, 4702469086441, vstest.console.dll, TestRequestSender is acting as server.
TpTrace Verbose: 0 : 19512, 1, 2023/07/25, 23:39:54.078, 4702469101189, vstest.console.dll, ParallelOperationManager.RunWorkInParallel: Started work on a host.
TpTrace Verbose: 0 : 19512, 1, 2023/07/25, 23:39:54.078, 4702469106856, vstest.console.dll, ProxyParallelExecutionManager: No sources available for execution.
TpTrace Information: 0 : 19512, 1, 2023/07/25, 23:39:54.078, 4702469107307, vstest.console.dll, TestRunRequest.ExecuteAsync: Started.
TpTrace Verbose: 0 : 19512, 1, 2023/07/25, 23:39:54.078, 4702469107732, vstest.console.dll, TestRunRequest.WaitForCompletion: Waiting with timeout -1.
TpTrace Verbose: 0 : 19512, 5, 2023/07/25, 23:39:54.078, 4702469108918, vstest.console.dll, DataCollectionRequestSender.InitializeCommunication : Initialize communication. 
TpTrace Information: 0 : 19512, 5, 2023/07/25, 23:39:54.081, 4702469137864, vstest.console.dll, Listening on Endpoint : 127.0.0.1:52985
TpTrace Verbose: 0 : 19512, 5, 2023/07/25, 23:39:54.086, 4702469183717, vstest.console.dll, DotnetDataCollectionLauncher: Adding  --runtimeconfig "C:\Program Files\dotnet\sdk\7.0.302\datacollector.runtimeconfig.json" in args
TpTrace Verbose: 0 : 19512, 5, 2023/07/25, 23:39:54.086, 4702469186212, vstest.console.dll, DotnetDataCollectionLauncher: Adding  --depsfile "C:\Program Files\dotnet\sdk\7.0.302\datacollector.deps.json" in args
TpTrace Verbose: 0 : 19512, 5, 2023/07/25, 23:39:54.086, 4702469187556, vstest.console.dll, DotnetDataCollectionLauncher: Full path of dotnet.exe is C:\Program Files\dotnet\dotnet.exe
TpTrace Information: 0 : 19512, 5, 2023/07/25, 23:39:54.090, 4702469221853, vstest.console.dll, ProxyDataCollectionManager.Initialize: Launched datacollector processId: 11240 port: 52985
TpTrace Information: 0 : 19512, 5, 2023/07/25, 23:39:54.090, 4702469223023, vstest.console.dll, ProxyDataCollectionManager.Initialize: waiting for connection with timeout: 90 seconds
TpTrace Verbose: 0 : 19512, 5, 2023/07/25, 23:39:54.090, 4702469223466, vstest.console.dll, DataCollectionRequestSender.WaitForRequestHandlerConnection : Waiting for connection with timeout: 90000
TpTrace Information: 0 : 19512, 7, 2023/07/25, 23:39:54.188, 4702470205608, vstest.console.dll, Using the buffer size of 16384 bytes
TpTrace Information: 0 : 19512, 7, 2023/07/25, 23:39:54.188, 4702470206826, vstest.console.dll, Accepted Client request and set the flag
TpTrace Verbose: 0 : 19512, 5, 2023/07/25, 23:39:54.188, 4702470206238, vstest.console.dll, SocketCommunicationManager.WaitForClientConnection took: 98 ms, with 90000 ms timeout, and finished with True.
TpTrace Verbose: 0 : 19512, 5, 2023/07/25, 23:39:54.188, 4702470208584, vstest.console.dll, ProxyDataCollectionManager.InvokeDataCollectionServiceAction: Starting.
TpTrace Information: 0 : 19512, 5, 2023/07/25, 23:39:54.188, 4702470209317, vstest.console.dll, ProxyDataCollectionManager.BeforeTestRunStart: Get environment variable and port for datacollector processId: 11240 port: 52985
TpTrace Verbose: 0 : 19512, 5, 2023/07/25, 23:39:54.189, 4702470210256, vstest.console.dll, DataCollectionRequestSender.SendBeforeTestRunStartAndGetResult: Send BeforeTestRunStart message with settingsXml <RunSettings><RunConfiguration><ResultsDirectory>C:\Users\barba\Desktop\Codecool\Csharp\SOLID\seasonal-product-discounter-4-1q2023-csharp-baska98\CodeCool.SeasonalProductDiscounterTest\bin\Debug\net6.0\fine-code-coverage\coverage-tool-output</ResultsDirectory><TargetPlatform>X64</TargetPlatform><TargetFrameworkVersion>.NETCoreApp,Version=v6.0</TargetFrameworkVersion><DesignMode>False</DesignMode><CollectSourceInformation>False</CollectSourceInformation><TestAdaptersPaths>C:\Program Files\dotnet\sdk\7.0.302\Extensions</TestAdaptersPaths></RunConfiguration><LoggerRunSettings><Loggers><Logger friendlyName="blame" enabled="True" /><Logger friendlyName="Console" uri="logger://microsoft/TestPlatform/ConsoleLogger/v1" assemblyQualifiedName="Microsoft.VisualStudio.TestPlatform.CommandLine.Internal.ConsoleLogger, vstest.console, Version=15.0.0.0, Culture=neutral, PublicKeyToken=b03f5f7f11d50a3a" codeBase="C:\Program Files\dotnet\sdk\7.0.302\vstest.console.dll" enabled="True" /></Loggers></LoggerRunSettings><DataCollectionRunSettings><DataCollectors><DataCollector friendlyName="blame" enabled="True"><Configuration><ResultsDirectory>C:\Users\barba\Desktop\Codecool\Csharp\SOLID\seasonal-product-discounter-4-1q2023-csharp-baska98\CodeCool.SeasonalProductDiscounterTest\bin\Debug\net6.0\fine-code-coverage\coverage-tool-output</ResultsDirectory></Configuration></DataCollector></DataCollectors></DataCollectionRunSettings></RunSettings> and sources System.Collections.Generic.List`1[System.String]: 
TpTrace Verbose: 0 : 19512, 5, 2023/07/25, 23:39:54.272, 4702471040727, vstest.console.dll, DataCollectionRequestSender.SendBeforeTestRunStartAndGetResult: Received message: (DataCollection.SendMessage) -> {"MessageType":"DataCollection.SendMessage","Payload":{"FriendlyName":null,"Uri":null,"TestCaseId":"00000000-0000-0000-0000-000000000000","Message":"Logging DataCollector Diagnostics in file: C:\\Users\\barba\\Desktop\\Codecool\\Csharp\\SOLID\\seasonal-product-discounter-4-1q2023-csharp-baska98\\CodeCool.SeasonalProductDiscounterTest\\bin\\Debug\\net6.0\\fine-code-coverage\\coverage-tool-output\\diagnostics.datacollector.23-07-25_23-39-54_08589_5.log","Level":0}}
TpTrace Verbose: 0 : 19512, 5, 2023/07/25, 23:39:54.340, 4702471723152, vstest.console.dll, DataCollectionRequestSender.SendBeforeTestRunStartAndGetResult: Received message: (DataCollection.BeforeTestRunStartResult) -> {"MessageType":"DataCollection.BeforeTestRunStartResult","Payload":{"EnvironmentVariables":{},"DataCollectionEventsPort":52987}}
TpTrace Information: 0 : 19512, 5, 2023/07/25, 23:39:54.345, 4702471773377, vstest.console.dll, ProxyDataCollectionManager.BeforeTestRunStart: SendBeforeTestRunStartAndGetResult successful, env variable from datacollector:   and testhost port: 52987
TpTrace Information: 0 : 19512, 5, 2023/07/25, 23:39:54.345, 4702471774307, vstest.console.dll, ProxyDataCollectionManager.InvokeDataCollectionServiceAction: Completed.
TpTrace Verbose: 0 : 19512, 5, 2023/07/25, 23:39:54.345, 4702471774976, vstest.console.dll, ProxyExecutionManager: Test host is always Lazy initialize.
TpTrace Verbose: 0 : 19512, 5, 2023/07/25, 23:39:54.345, 4702471776774, vstest.console.dll, TestRequestSender.InitializeCommunication: initialize communication. 
TpTrace Information: 0 : 19512, 5, 2023/07/25, 23:39:54.346, 4702471780509, vstest.console.dll, SocketServer.Start: Listening on endpoint : 127.0.0.1:52988
TpTrace Verbose: 0 : 19512, 5, 2023/07/25, 23:39:54.346, 4702471786540, vstest.console.dll, DotnetTestHostmanager.GetTestHostProcessStartInfo: Platform environment 'X64' target architecture 'X64' framework '.NETCoreApp,Version=v6.0' OS 'Windows'
TpTrace Verbose: 0 : 19512, 5, 2023/07/25, 23:39:54.346, 4702471788306, vstest.console.dll, DotnetTestHostmanager: Adding  --runtimeconfig "C:\Users\barba\Desktop\Codecool\Csharp\SOLID\seasonal-product-discounter-4-1q2023-csharp-baska98\CodeCool.SeasonalProductDiscounterTest\bin\Debug\net6.0\fine-code-coverage\build-output\CodeCool.SeasonalProductDiscounterTest.runtimeconfig.json" in args
TpTrace Verbose: 0 : 19512, 5, 2023/07/25, 23:39:54.346, 4702471788904, vstest.console.dll, DotnetTestHostmanager: Adding  --depsfile "C:\Users\barba\Desktop\Codecool\Csharp\SOLID\seasonal-product-discounter-4-1q2023-csharp-baska98\CodeCool.SeasonalProductDiscounterTest\bin\Debug\net6.0\fine-code-coverage\build-output\CodeCool.SeasonalProductDiscounterTest.deps.json" in args
TpTrace Verbose: 0 : 19512, 5, 2023/07/25, 23:39:54.346, 4702471789932, vstest.console.dll, DotnetTestHostmanager.IsWinOnArm: Current PROCESSOR_ARCHITECTURE from environment variable 'AMD64'
TpTrace Verbose: 0 : 19512, 5, 2023/07/25, 23:39:54.347, 4702471790314, vstest.console.dll, DotnetTestHostmanager.IsWinOnArm: Is Windows on ARM 'False'
TpTrace Verbose: 0 : 19512, 5, 2023/07/25, 23:39:54.347, 4702471790839, vstest.console.dll, DotnetTestHostManager: testhost.exe found at path: C:\Users\barba\Desktop\Codecool\Csharp\SOLID\seasonal-product-discounter-4-1q2023-csharp-baska98\CodeCool.SeasonalProductDiscounterTest\bin\Debug\net6.0\fine-code-coverage\build-output\testhost.exe
TpTrace Verbose: 0 : 19512, 5, 2023/07/25, 23:39:54.347, 4702471791108, vstest.console.dll, DotnetTestHostmanager: Full path of host exe is C:\Users\barba\Desktop\Codecool\Csharp\SOLID\seasonal-product-discounter-4-1q2023-csharp-baska98\CodeCool.SeasonalProductDiscounterTest\bin\Debug\net6.0\fine-code-coverage\build-output\testhost.exe
TpTrace Verbose: 0 : 19512, 5, 2023/07/25, 23:39:54.347, 4702471792053, vstest.console.dll, DotnetTestHostmanager.LaunchTestHostAsync: Found 'VSTEST_WINAPPHOST_DOTNET_ROOT' in env variables, value 'C:\Program Files\dotnet', forwarding to 'DOTNET_ROOT'
TpTrace Verbose: 0 : 19512, 5, 2023/07/25, 23:39:54.347, 4702471793283, vstest.console.dll, DotnetTestHostManager: Starting process 'C:\Users\barba\Desktop\Codecool\Csharp\SOLID\seasonal-product-discounter-4-1q2023-csharp-baska98\CodeCool.SeasonalProductDiscounterTest\bin\Debug\net6.0\fine-code-coverage\build-output\testhost.exe' with command line ' --runtimeconfig "C:\Users\barba\Desktop\Codecool\Csharp\SOLID\seasonal-product-discounter-4-1q2023-csharp-baska98\CodeCool.SeasonalProductDiscounterTest\bin\Debug\net6.0\fine-code-coverage\build-output\CodeCool.SeasonalProductDiscounterTest.runtimeconfig.json" --depsfile "C:\Users\barba\Desktop\Codecool\Csharp\SOLID\seasonal-product-discounter-4-1q2023-csharp-baska98\CodeCool.SeasonalProductDiscounterTest\bin\Debug\net6.0\fine-code-coverage\build-output\CodeCool.SeasonalProductDiscounterTest.deps.json" --port 52988 --endpoint 127.0.0.1:052988 --role client --parentprocessid 19512 --diag "C:\Users\barba\Desktop\Codecool\Csharp\SOLID\seasonal-product-discounter-4-1q2023-csharp-baska98\CodeCool.SeasonalProductDiscounterTest\bin\Debug\net6.0\fine-code-coverage\coverage-tool-output\diagnostics.host.23-07-25_23-39-54_34636_5.log" --tracelevel 4 --datacollectionport 52987 --telemetryoptedin false'
TpTrace Verbose: 0 : 19512, 5, 2023/07/25, 23:39:54.359, 4702471917574, vstest.console.dll, MulticastDelegateUtilities.SafeInvoke: HostProviderEvents.OnHostLaunched: Invoking callback 1/2 for Microsoft.VisualStudio.TestPlatform.CrossPlatEngine.Client.ProxyExecutionManagerWithDataCollection., took 1 ms.
TpTrace Verbose: 0 : 19512, 5, 2023/07/25, 23:39:54.360, 4702471920076, vstest.console.dll, Test Runtime launched
TpTrace Verbose: 0 : 19512, 5, 2023/07/25, 23:39:54.360, 4702471920814, vstest.console.dll, MulticastDelegateUtilities.SafeInvoke: HostProviderEvents.OnHostLaunched: Invoking callback 2/2 for Microsoft.VisualStudio.TestPlatform.CrossPlatEngine.Client.ProxyOperationManager., took 0 ms.
TpTrace Verbose: 0 : 19512, 5, 2023/07/25, 23:39:54.360, 4702471922033, vstest.console.dll, TestRequestSender.WaitForRequestHandlerConnection: waiting for connection with timeout: 90000.
TpTrace Verbose: 0 : 19512, 5, 2023/07/25, 23:39:54.495, 4702473278495, vstest.console.dll, TestRequestSender.WaitForRequestHandlerConnection: waiting took 135 ms, with timeout 90000 ms, and result 0, which is success.
TpTrace Verbose: 0 : 19512, 7, 2023/07/25, 23:39:54.495, 4702473278475, vstest.console.dll, MulticastDelegateUtilities.SafeInvoke: SocketServer: ClientConnected: Invoking callback 1/1 for Microsoft.VisualStudio.TestPlatform.CommunicationUtilities.TestRequestSender., took 0 ms.
TpTrace Verbose: 0 : 19512, 7, 2023/07/25, 23:39:54.496, 4702473280099, vstest.console.dll, SocketServer.OnClientConnected: Client connected for endPoint: 127.0.0.1:52988, starting MessageLoopAsync:
TpTrace Verbose: 0 : 19512, 7, 2023/07/25, 23:39:54.496, 4702473283328, vstest.console.dll, TcpClientExtensions.MessageLoopAsync: Polling on remoteEndPoint: 127.0.0.1:52989 localEndPoint: 127.0.0.1:52988
TpTrace Verbose: 0 : 19512, 5, 2023/07/25, 23:39:54.496, 4702473285942, vstest.console.dll, TestRequestSender.CheckVersionWithTestHost: Sending check version message: {"MessageType":"ProtocolVersion","Payload":7}
TpTrace Verbose: 0 : 19512, 7, 2023/07/25, 23:39:54.579, 4702474114039, vstest.console.dll, TcpClientExtensions.MessageLoopAsync: NotifyDataAvailable remoteEndPoint: 127.0.0.1:52989 localEndPoint: 127.0.0.1:52988
TpTrace Verbose: 0 : 19512, 7, 2023/07/25, 23:39:54.579, 4702474116498, vstest.console.dll, TestRequestSender.CheckVersionWithTestHost: onMessageReceived received message: (ProtocolVersion) -> {"MessageType":"ProtocolVersion","Payload":5}
TpTrace Verbose: 0 : 19512, 7, 2023/07/25, 23:39:54.580, 4702474121751, vstest.console.dll, MulticastDelegateUtilities.SafeInvoke: LengthPrefixCommunicationChannel: MessageReceived: Invoking callback 1/1 for Microsoft.VisualStudio.TestPlatform.CommunicationUtilities.TestRequestSender+<>c__DisplayClass29_0., took 0 ms.
TpTrace Verbose: 0 : 19512, 7, 2023/07/25, 23:39:54.580, 4702474124881, vstest.console.dll, TcpClientExtensions.MessageLoopAsync: Polling on remoteEndPoint: 127.0.0.1:52989 localEndPoint: 127.0.0.1:52988
TpTrace Verbose: 0 : 19512, 5, 2023/07/25, 23:39:54.580, 4702474125628, vstest.console.dll, TestPluginCache.GetExtensionPaths: Filtered extension paths: 
TpTrace Verbose: 0 : 19512, 5, 2023/07/25, 23:39:54.580, 4702474126546, vstest.console.dll, TestPluginCache.GetExtensionPaths: Added default extension paths: C:\Program Files\dotnet\sdk\7.0.302\Extensions\Microsoft.Diagnostics.NETCore.Client.dll
C:\Program Files\dotnet\sdk\7.0.302\Extensions\Microsoft.TestPlatform.Extensions.BlameDataCollector.dll
C:\Program Files\dotnet\sdk\7.0.302\Extensions\Microsoft.TestPlatform.Extensions.EventLogCollector.dll
C:\Program Files\dotnet\sdk\7.0.302\Extensions\Microsoft.TestPlatform.TestHostRuntimeProvider.dll
C:\Program Files\dotnet\sdk\7.0.302\Extensions\Microsoft.VisualStudio.TestPlatform.Extensions.Html.TestLogger.dll
C:\Program Files\dotnet\sdk\7.0.302\Extensions\Microsoft.VisualStudio.TestPlatform.Extensions.Trx.TestLogger.dll
TpTrace Verbose: 0 : 19512, 5, 2023/07/25, 23:39:54.580, 4702474126914, vstest.console.dll, TestPluginCache.GetExtensionPaths: Added unfilterableExtensionPaths: 
TpTrace Verbose: 0 : 19512, 5, 2023/07/25, 23:39:54.582, 4702474147623, vstest.console.dll, TestRequestSender.InitializeExecution: Sending initialize execution with message: {"Version":5,"MessageType":"TestExecution.Initialize","Payload":["C:\\Users\\barba\\Desktop\\Codecool\\Csharp\\SOLID\\seasonal-product-discounter-4-1q2023-csharp-baska98\\CodeCool.SeasonalProductDiscounterTest\\bin\\Debug\\net6.0\\fine-code-coverage\\build-output\\NUnit3.TestAdapter.dll"]}
TpTrace Verbose: 0 : 19512, 5, 2023/07/25, 23:39:54.582, 4702474149334, vstest.console.dll, ParallelProxyExecutionManager: Execution started. Started clients: 1
TpTrace Verbose: 0 : 19512, 5, 2023/07/25, 23:39:54.583, 4702474151567, vstest.console.dll, TestRunRequest:SendTestRunMessage: Starting.
TpTrace Verbose: 0 : 19512, 5, 2023/07/25, 23:39:54.583, 4702474152924, vstest.console.dll, MulticastDelegateUtilities.SafeInvoke: TestRun.LogMessages: Invoking callback 1/1 for Microsoft.VisualStudio.TestPlatform.CommandLine.TestRunResultAggregator., took 0 ms.
TpTrace Information: 0 : 19512, 5, 2023/07/25, 23:39:54.583, 4702474153279, vstest.console.dll, TestRunRequest:SendTestRunMessage: Completed.
TpTrace Warning: 0 : 19512, 5, 2023/07/25, 23:39:54.583, 4702474155987, vstest.console.dll, InferRunSettingsHelper.MakeRunsettingsCompatible: Removing the following settings: TargetPlatform from RunSettings file. To use those settings please move to latest version of Microsoft.NET.Test.Sdk
TpTrace Verbose: 0 : 19512, 4, 2023/07/25, 23:39:54.583, 4702474156404, vstest.console.dll, MulticastDelegateUtilities.SafeInvoke: InternalTestLoggerEvents.SendTestRunMessage: Invoking callback 1/1 for Microsoft.VisualStudio.TestPlatform.CommandLine.Internal.ConsoleLogger., took 0 ms.
TpTrace Verbose: 0 : 19512, 7, 2023/07/25, 23:39:54.586, 4702474181167, vstest.console.dll, TcpClientExtensions.MessageLoopAsync: NotifyDataAvailable remoteEndPoint: 127.0.0.1:52989 localEndPoint: 127.0.0.1:52988
TpTrace Verbose: 0 : 19512, 7, 2023/07/25, 23:39:54.586, 4702474183787, vstest.console.dll, TestRequestSender.OnExecutionMessageReceived: Received message: {"Version":5,"MessageType":"TestSession.Message","Payload":{"MessageLevel":0,"Message":"Logging TestHost Diagnostics in file: C:\\Users\\barba\\Desktop\\Codecool\\Csharp\\SOLID\\seasonal-product-discounter-4-1q2023-csharp-baska98\\CodeCool.SeasonalProductDiscounterTest\\bin\\Debug\\net6.0\\fine-code-coverage\\coverage-tool-output\\diagnostics.host.23-07-25_23-39-54_34636_5.log"}}
TpTrace Verbose: 0 : 19512, 7, 2023/07/25, 23:39:54.587, 4702474199744, vstest.console.dll, TestRunRequest:SendTestRunMessage: Starting.
TpTrace Verbose: 0 : 19512, 7, 2023/07/25, 23:39:54.588, 4702474200717, vstest.console.dll, MulticastDelegateUtilities.SafeInvoke: TestRun.LogMessages: Invoking callback 1/1 for Microsoft.VisualStudio.TestPlatform.CommandLine.TestRunResultAggregator., took 0 ms.
TpTrace Information: 0 : 19512, 7, 2023/07/25, 23:39:54.588, 4702474200977, vstest.console.dll, TestRunRequest:SendTestRunMessage: Completed.
TpTrace Verbose: 0 : 19512, 7, 2023/07/25, 23:39:54.588, 4702474201268, vstest.console.dll, MulticastDelegateUtilities.SafeInvoke: LengthPrefixCommunicationChannel: MessageReceived: Invoking callback 1/1 for Microsoft.VisualStudio.TestPlatform.CommunicationUtilities.TestRequestSender+<>c__DisplayClass34_0., took 1 ms.
TpTrace Verbose: 0 : 19512, 7, 2023/07/25, 23:39:54.588, 4702474201486, vstest.console.dll, TcpClientExtensions.MessageLoopAsync: Polling on remoteEndPoint: 127.0.0.1:52989 localEndPoint: 127.0.0.1:52988
TpTrace Verbose: 0 : 19512, 4, 2023/07/25, 23:39:54.588, 4702474201548, vstest.console.dll, MulticastDelegateUtilities.SafeInvoke: InternalTestLoggerEvents.SendTestRunMessage: Invoking callback 1/1 for Microsoft.VisualStudio.TestPlatform.CommandLine.Internal.ConsoleLogger., took 0 ms.
TpTrace Verbose: 0 : 19512, 5, 2023/07/25, 23:39:54.592, 4702474249694, vstest.console.dll, TestRequestSender.StartTestRun: Sending test run with message: {"Version":5,"MessageType":"TestExecution.StartWithSources","Payload":{"AdapterSourceMap":{"_none_":["C:\\Users\\barba\\Desktop\\Codecool\\Csharp\\SOLID\\seasonal-product-discounter-4-1q2023-csharp-baska98\\CodeCool.SeasonalProductDiscounterTest\\bin\\Debug\\net6.0\\fine-code-coverage\\build-output\\CodeCool.SeasonalProductDiscounterTest.dll"]},"RunSettings":"<RunSettings>\r\n  <RunConfiguration>\r\n    <ResultsDirectory>C:\\Users\\barba\\Desktop\\Codecool\\Csharp\\SOLID\\seasonal-product-discounter-4-1q2023-csharp-baska98\\CodeCool.SeasonalProductDiscounterTest\\bin\\Debug\\net6.0\\fine-code-coverage\\coverage-tool-output</ResultsDirectory>\r\n    <TargetFrameworkVersion>.NETCoreApp,Version=v6.0</TargetFrameworkVersion>\r\n    <DesignMode>False</DesignMode>\r\n    <CollectSourceInformation>False</CollectSourceInformation>\r\n  </RunConfiguration>\r\n  <LoggerRunSettings>\r\n    <Loggers>\r\n      <Logger friendlyName=\"blame\" enabled=\"True\" />\r\n      <Logger friendlyName=\"Console\" uri=\"logger://microsoft/TestPlatform/ConsoleLogger/v1\" assemblyQualifiedName=\"Microsoft.VisualStudio.TestPlatform.CommandLine.Internal.ConsoleLogger, vstest.console, Version=15.0.0.0, Culture=neutral, PublicKeyToken=b03f5f7f11d50a3a\" codeBase=\"C:\\Program Files\\dotnet\\sdk\\7.0.302\\vstest.console.dll\" enabled=\"True\" />\r\n    </Loggers>\r\n  </LoggerRunSettings>\r\n  <DataCollectionRunSettings>\r\n    <DataCollectors>\r\n      <DataCollector friendlyName=\"blame\" enabled=\"True\">\r\n        <Configuration>\r\n          <ResultsDirectory>C:\\Users\\barba\\Desktop\\Codecool\\Csharp\\SOLID\\seasonal-product-discounter-4-1q2023-csharp-baska98\\CodeCool.SeasonalProductDiscounterTest\\bin\\Debug\\net6.0\\fine-code-coverage\\coverage-tool-output</ResultsDirectory>\r\n        </Configuration>\r\n      </DataCollector>\r\n    </DataCollectors>\r\n  </DataCollectionRunSettings>\r\n</RunSettings>","TestExecutionContext":{"FrequencyOfRunStatsChangeEvent":10,"RunStatsChangeEventTimeout":"00:00:01.5000000","InIsolation":false,"KeepAlive":false,"AreTestCaseLevelEventsRequired":false,"IsDebug":false,"TestCaseFilter":null,"FilterOptions":null},"Package":null}}
TpTrace Verbose: 0 : 19512, 7, 2023/07/25, 23:39:54.733, 4702475655076, vstest.console.dll, TcpClientExtensions.MessageLoopAsync: NotifyDataAvailable remoteEndPoint: 127.0.0.1:52989 localEndPoint: 127.0.0.1:52988
TpTrace Verbose: 0 : 19512, 7, 2023/07/25, 23:39:54.733, 4702475657116, vstest.console.dll, TestRequestSender.OnExecutionMessageReceived: Received message: {"Version":5,"MessageType":"TestSession.Message","Payload":{"MessageLevel":0,"Message":"NUnit Adapter 4.2.0.0: Test execution started"}}
TpTrace Verbose: 0 : 19512, 7, 2023/07/25, 23:39:54.733, 4702475659226, vstest.console.dll, TestRunRequest:SendTestRunMessage: Starting.
TpTrace Verbose: 0 : 19512, 7, 2023/07/25, 23:39:54.733, 4702475659907, vstest.console.dll, MulticastDelegateUtilities.SafeInvoke: TestRun.LogMessages: Invoking callback 1/1 for Microsoft.VisualStudio.TestPlatform.CommandLine.TestRunResultAggregator., took 0 ms.
TpTrace Information: 0 : 19512, 7, 2023/07/25, 23:39:54.734, 4702475660245, vstest.console.dll, TestRunRequest:SendTestRunMessage: Completed.
TpTrace Verbose: 0 : 19512, 4, 2023/07/25, 23:39:54.734, 4702475660410, vstest.console.dll, MulticastDelegateUtilities.SafeInvoke: InternalTestLoggerEvents.SendTestRunMessage: Invoking callback 1/1 for Microsoft.VisualStudio.TestPlatform.CommandLine.Internal.ConsoleLogger., took 0 ms.
TpTrace Verbose: 0 : 19512, 7, 2023/07/25, 23:39:54.734, 4702475661560, vstest.console.dll, MulticastDelegateUtilities.SafeInvoke: LengthPrefixCommunicationChannel: MessageReceived: Invoking callback 1/1 for Microsoft.VisualStudio.TestPlatform.CommunicationUtilities.TestRequestSender+<>c__DisplayClass34_0., took 0 ms.
TpTrace Verbose: 0 : 19512, 7, 2023/07/25, 23:39:54.734, 4702475662417, vstest.console.dll, TcpClientExtensions.MessageLoopAsync: Polling on remoteEndPoint: 127.0.0.1:52989 localEndPoint: 127.0.0.1:52988
TpTrace Verbose: 0 : 19512, 7, 2023/07/25, 23:39:54.755, 4702475878992, vstest.console.dll, TcpClientExtensions.MessageLoopAsync: NotifyDataAvailable remoteEndPoint: 127.0.0.1:52989 localEndPoint: 127.0.0.1:52988
TpTrace Verbose: 0 : 19512, 7, 2023/07/25, 23:39:54.756, 4702475880852, vstest.console.dll, TestRequestSender.OnExecutionMessageReceived: Received message: {"Version":5,"MessageType":"TestSession.Message","Payload":{"MessageLevel":0,"Message":"Running all tests in C:\\Users\\barba\\Desktop\\Codecool\\Csharp\\SOLID\\seasonal-product-discounter-4-1q2023-csharp-baska98\\CodeCool.SeasonalProductDiscounterTest\\bin\\Debug\\net6.0\\fine-code-coverage\\build-output\\CodeCool.SeasonalProductDiscounterTest.dll"}}
TpTrace Verbose: 0 : 19512, 7, 2023/07/25, 23:39:54.756, 4702475882128, vstest.console.dll, TestRunRequest:SendTestRunMessage: Starting.
TpTrace Verbose: 0 : 19512, 7, 2023/07/25, 23:39:54.756, 4702475882770, vstest.console.dll, MulticastDelegateUtilities.SafeInvoke: TestRun.LogMessages: Invoking callback 1/1 for Microsoft.VisualStudio.TestPlatform.CommandLine.TestRunResultAggregator., took 0 ms.
TpTrace Information: 0 : 19512, 7, 2023/07/25, 23:39:54.756, 4702475883017, vstest.console.dll, TestRunRequest:SendTestRunMessage: Completed.
TpTrace Verbose: 0 : 19512, 7, 2023/07/25, 23:39:54.756, 4702475883445, vstest.console.dll, MulticastDelegateUtilities.SafeInvoke: LengthPrefixCommunicationChannel: MessageReceived: Invoking callback 1/1 for Microsoft.VisualStudio.TestPlatform.CommunicationUtilities.TestRequestSender+<>c__DisplayClass34_0., took 0 ms.
TpTrace Verbose: 0 : 19512, 7, 2023/07/25, 23:39:54.756, 4702475883736, vstest.console.dll, TcpClientExtensions.MessageLoopAsync: Polling on remoteEndPoint: 127.0.0.1:52989 localEndPoint: 127.0.0.1:52988
TpTrace Verbose: 0 : 19512, 4, 2023/07/25, 23:39:54.756, 4702475883761, vstest.console.dll, MulticastDelegateUtilities.SafeInvoke: InternalTestLoggerEvents.SendTestRunMessage: Invoking callback 1/1 for Microsoft.VisualStudio.TestPlatform.CommandLine.Internal.ConsoleLogger., took 0 ms.
TpTrace Verbose: 0 : 19512, 7, 2023/07/25, 23:39:55.283, 4702481159273, vstest.console.dll, TcpClientExtensions.MessageLoopAsync: NotifyDataAvailable remoteEndPoint: 127.0.0.1:52989 localEndPoint: 127.0.0.1:52988
TpTrace Verbose: 0 : 19512, 7, 2023/07/25, 23:39:55.284, 4702481161604, vstest.console.dll, TestRequestSender.OnExecutionMessageReceived: Received message: {"Version":5,"MessageType":"TestSession.Message","Payload":{"MessageLevel":0,"Message":"   NUnit3TestExecutor discovered 6 of 6 NUnit test cases using Current Discovery mode, Non-Explicit run"}}
TpTrace Verbose: 0 : 19512, 7, 2023/07/25, 23:39:55.284, 4702481162865, vstest.console.dll, TestRunRequest:SendTestRunMessage: Starting.
TpTrace Verbose: 0 : 19512, 7, 2023/07/25, 23:39:55.284, 4702481163493, vstest.console.dll, MulticastDelegateUtilities.SafeInvoke: TestRun.LogMessages: Invoking callback 1/1 for Microsoft.VisualStudio.TestPlatform.CommandLine.TestRunResultAggregator., took 0 ms.
TpTrace Information: 0 : 19512, 7, 2023/07/25, 23:39:55.284, 4702481163707, vstest.console.dll, TestRunRequest:SendTestRunMessage: Completed.
TpTrace Verbose: 0 : 19512, 7, 2023/07/25, 23:39:55.284, 4702481164075, vstest.console.dll, MulticastDelegateUtilities.SafeInvoke: LengthPrefixCommunicationChannel: MessageReceived: Invoking callback 1/1 for Microsoft.VisualStudio.TestPlatform.CommunicationUtilities.TestRequestSender+<>c__DisplayClass34_0., took 0 ms.
TpTrace Verbose: 0 : 19512, 7, 2023/07/25, 23:39:55.284, 4702481164319, vstest.console.dll, TcpClientExtensions.MessageLoopAsync: Polling on remoteEndPoint: 127.0.0.1:52989 localEndPoint: 127.0.0.1:52988
TpTrace Verbose: 0 : 19512, 4, 2023/07/25, 23:39:55.284, 4702481164550, vstest.console.dll, MulticastDelegateUtilities.SafeInvoke: InternalTestLoggerEvents.SendTestRunMessage: Invoking callback 1/1 for Microsoft.VisualStudio.TestPlatform.CommandLine.Internal.ConsoleLogger., took 0 ms.
TpTrace Verbose: 0 : 19512, 7, 2023/07/25, 23:39:55.840, 4702486720898, vstest.console.dll, TcpClientExtensions.MessageLoopAsync: NotifyDataAvailable remoteEndPoint: 127.0.0.1:52989 localEndPoint: 127.0.0.1:52988
TpTrace Verbose: 0 : 19512, 7, 2023/07/25, 23:39:55.840, 4702486722673, vstest.console.dll, TestRequestSender.OnExecutionMessageReceived: Received message: {"Version":5,"MessageType":"TestSession.Message","Payload":{"MessageLevel":0,"Message":"NUnit Adapter 4.2.0.0: Test execution complete"}}
TpTrace Verbose: 0 : 19512, 7, 2023/07/25, 23:39:55.840, 4702486723858, vstest.console.dll, TestRunRequest:SendTestRunMessage: Starting.
TpTrace Verbose: 0 : 19512, 7, 2023/07/25, 23:39:55.840, 4702486724463, vstest.console.dll, MulticastDelegateUtilities.SafeInvoke: TestRun.LogMessages: Invoking callback 1/1 for Microsoft.VisualStudio.TestPlatform.CommandLine.TestRunResultAggregator., took 0 ms.
TpTrace Information: 0 : 19512, 7, 2023/07/25, 23:39:55.840, 4702486724678, vstest.console.dll, TestRunRequest:SendTestRunMessage: Completed.
TpTrace Verbose: 0 : 19512, 7, 2023/07/25, 23:39:55.840, 4702486725101, vstest.console.dll, MulticastDelegateUtilities.SafeInvoke: LengthPrefixCommunicationChannel: MessageReceived: Invoking callback 1/1 for Microsoft.VisualStudio.TestPlatform.CommunicationUtilities.TestRequestSender+<>c__DisplayClass34_0., took 0 ms.
TpTrace Verbose: 0 : 19512, 4, 2023/07/25, 23:39:55.840, 4702486724937, vstest.console.dll, MulticastDelegateUtilities.SafeInvoke: InternalTestLoggerEvents.SendTestRunMessage: Invoking callback 1/1 for Microsoft.VisualStudio.TestPlatform.CommandLine.Internal.ConsoleLogger., took 0 ms.
TpTrace Verbose: 0 : 19512, 7, 2023/07/25, 23:39:55.840, 4702486725313, vstest.console.dll, TcpClientExtensions.MessageLoopAsync: Polling on remoteEndPoint: 127.0.0.1:52989 localEndPoint: 127.0.0.1:52988
TpTrace Verbose: 0 : 19512, 7, 2023/07/25, 23:39:55.868, 4702487003000, vstest.console.dll, TcpClientExtensions.MessageLoopAsync: NotifyDataAvailable remoteEndPoint: 127.0.0.1:52989 localEndPoint: 127.0.0.1:52988
TpTrace Verbose: 0 : 19512, 7, 2023/07/25, 23:39:55.868, 4702487007102, vstest.console.dll, TestRequestSender.OnExecutionMessageReceived: Received message: {"Version":5,"MessageType":"TestExecution.Completed","Payload":{"TestRunCompleteArgs":{"TestRunStatistics":{"ExecutedTests":6,"Stats":{"Passed":6}},"IsCanceled":false,"IsAborted":false,"Error":null,"AttachmentSets":[],"ElapsedTimeInRunningTests":"00:00:01.1417377","Metrics":{}},"LastRunTests":{"NewTestResults":[{"TestCase":{"Id":"e5041aa5-d29c-d3fc-64d5-8eb7e77874d2","FullyQualifiedName":"CodeCool.SeasonalProductDiscounterTest.RandomProductGeneratorTest.ProductIdsAreDifferent","DisplayName":"ProductIdsAreDifferent","ExecutorUri":"executor://NUnit3TestExecutor","Source":"C:\\Users\\barba\\Desktop\\Codecool\\Csharp\\SOLID\\seasonal-product-discounter-4-1q2023-csharp-baska98\\CodeCool.SeasonalProductDiscounterTest\\bin\\Debug\\net6.0\\fine-code-coverage\\build-output\\CodeCool.SeasonalProductDiscounterTest.dll","CodeFilePath":null,"LineNumber":0,"Properties":[{"Key":{"Id":"NUnit.Seed","Label":"Seed","Category":"","Description":"","Attributes":0,"ValueType":"System.String"},"Value":"98607178"}]},"Attachments":[],"Outcome":1,"ErrorMessage":null,"ErrorStackTrace":null,"DisplayName":"ProductIdsAreDifferent","Messages":[],"ComputerName":"KISCIU","Duration":"00:00:00.4843730","StartTime":"2023-07-25T21:39:55.3044458+00:00","EndTime":"2023-07-25T21:39:55.7887659+00:00","Properties":[{"Key":{"Id":"NUnit.Seed","Label":"Seed","Category":"","Description":"","Attributes":0,"ValueType":"System.String"},"Value":"98607178"}]},{"TestCase":{"Id":"4c5822df-f5fe-6554-876c-c10fa0e3aeef","FullyQualifiedName":"CodeCool.SeasonalProductDiscounterTest.RandomProductGeneratorTest.ProductNameContainsColor","DisplayName":"ProductNameContainsColor","ExecutorUri":"executor://NUnit3TestExecutor","Source":"C:\\Users\\barba\\Desktop\\Codecool\\Csharp\\SOLID\\seasonal-product-discounter-4-1q2023-csharp-baska98\\CodeCool.SeasonalProductDiscounterTest\\bin\\Debug\\net6.0\\fine-code-coverage\\build-output\\CodeCool.SeasonalProductDiscounterTest.dll","CodeFilePath":null,"LineNumber":0,"Properties":[{"Key":{"Id":"NUnit.Seed","Label":"Seed","Category":"","Description":"","Attributes":0,"ValueType":"System.String"},"Value":"102107563"}]},"Attachments":[],"Outcome":1,"ErrorMessage":null,"ErrorStackTrace":null,"DisplayName":"ProductNameContainsColor","Messages":[],"ComputerName":"KISCIU","Duration":"00:00:00.0008850","StartTime":"2023-07-25T21:39:55.7898323+00:00","EndTime":"2023-07-25T21:39:55.7907165+00:00","Properties":[{"Key":{"Id":"NUnit.Seed","Label":"Seed","Category":"","Description":"","Attributes":0,"ValueType":"System.String"},"Value":"102107563"}]},{"TestCase":{"Id":"c37021ed-25ab-cc8b-b4d9-4148147f7b42","FullyQualifiedName":"CodeCool.SeasonalProductDiscounterTest.RandomProductGeneratorTest.ProductPriceIsWithinRange","DisplayName":"ProductPriceIsWithinRange","ExecutorUri":"executor://NUnit3TestExecutor","Source":"C:\\Users\\barba\\Desktop\\Codecool\\Csharp\\SOLID\\seasonal-product-discounter-4-1q2023-csharp-baska98\\CodeCool.SeasonalProductDiscounterTest\\bin\\Debug\\net6.0\\fine-code-coverage\\build-output\\CodeCool.SeasonalProductDiscounterTest.dll","CodeFilePath":null,"LineNumber":0,"Properties":[{"Key":{"Id":"NUnit.Seed","Label":"Seed","Category":"","Description":"","Attributes":0,"ValueType":"System.String"},"Value":"899592019"}]},"Attachments":[],"Outcome":1,"ErrorMessage":null,"ErrorStackTrace":null,"DisplayName":"ProductPriceIsWithinRange","Messages":[],"ComputerName":"KISCIU","Duration":"00:00:00.0019050","StartTime":"2023-07-25T21:39:55.7907358+00:00","EndTime":"2023-07-25T21:39:55.7926405+00:00","Properties":[{"Key":{"Id":"NUnit.Seed","Label":"Seed","Category":"","Description":"","Attributes":0,"ValueType":"System.String"},"Value":"899592019"}]},{"TestCase":{"Id":"ed6317fe-8b39-b186-120f-c702e7b2a850","FullyQualifiedName":"CodeCool.SeasonalProductDiscounterTest.RandomProductGeneratorTest.ProductPropertiesAreSet","DisplayName":"ProductPropertiesAreSet","ExecutorUri":"executor://NUnit3TestExecutor","Source":"C:\\Users\\barba\\Desktop\\Codecool\\Csharp\\SOLID\\seasonal-product-discounter-4-1q2023-csharp-baska98\\CodeCool.SeasonalProductDiscounterTest\\bin\\Debug\\net6.0\\fine-code-coverage\\build-output\\CodeCool.SeasonalProductDiscounterTest.dll","CodeFilePath":null,"LineNumber":0,"Properties":[{"Key":{"Id":"NUnit.Seed","Label":"Seed","Category":"","Description":"","Attributes":0,"ValueType":"System.String"},"Value":"2146596233"}]},"Attachments":[],"Outcome":1,"ErrorMessage":null,"ErrorStackTrace":null,"DisplayName":"ProductPropertiesAreSet","Messages":[],"ComputerName":"KISCIU","Duration":"00:00:00.0026050","StartTime":"2023-07-25T21:39:55.7926536+00:00","EndTime":"2023-07-25T21:39:55.7952582+00:00","Properties":[{"Key":{"Id":"NUnit.Seed","Label":"Seed","Category":"","Description":"","Attributes":0,"ValueType":"System.String"},"Value":"2146596233"}]},{"TestCase":{"Id":"cb263eae-3b3d-01ec-3053-a21c50b9207e","FullyQualifiedName":"CodeCool.SeasonalProductDiscounterTest.RandomProductGeneratorTest.ReturnsCorrectNumberOfProducts","DisplayName":"ReturnsCorrectNumberOfProducts","ExecutorUri":"executor://NUnit3TestExecutor","Source":"C:\\Users\\barba\\Desktop\\Codecool\\Csharp\\SOLID\\seasonal-product-discounter-4-1q2023-csharp-baska98\\CodeCool.SeasonalProductDiscounterTest\\bin\\Debug\\net6.0\\fine-code-coverage\\build-output\\CodeCool.SeasonalProductDiscounterTest.dll","CodeFilePath":null,"LineNumber":0,"Properties":[{"Key":{"Id":"NUnit.Seed","Label":"Seed","Category":"","Description":"","Attributes":0,"ValueType":"System.String"},"Value":"148659937"}]},"Attachments":[],"Outcome":1,"ErrorMessage":null,"ErrorStackTrace":null,"DisplayName":"ReturnsCorrectNumberOfProducts","Messages":[],"ComputerName":"KISCIU","Duration":"00:00:00.0036980","StartTime":"2023-07-25T21:39:55.7952749+00:00","EndTime":"2023-07-25T21:39:55.7989724+00:00","Properties":[{"Key":{"Id":"NUnit.Seed","Label":"Seed","Category":"","Description":"","Attributes":0,"ValueType":"System.String"},"Value":"148659937"}]},{"TestCase":{"Id":"099e3330-5941-ab1e-f5f8-1021a8354010","FullyQualifiedName":"CodeCool.SeasonalProductDiscounterTest.RandomProductGeneratorTest.ReturnsZeroProducts","DisplayName":"ReturnsZeroProducts","ExecutorUri":"executor://NUnit3TestExecutor","Source":"C:\\Users\\barba\\Desktop\\Codecool\\Csharp\\SOLID\\seasonal-product-discounter-4-1q2023-csharp-baska98\\CodeCool.SeasonalProductDiscounterTest\\bin\\Debug\\net6.0\\fine-code-coverage\\build-output\\CodeCool.SeasonalProductDiscounterTest.dll","CodeFilePath":null,"LineNumber":0,"Properties":[{"Key":{"Id":"NUnit.Seed","Label":"Seed","Category":"","Description":"","Attributes":0,"ValueType":"System.String"},"Value":"1469271727"}]},"Attachments":[],"Outcome":1,"ErrorMessage":null,"ErrorStackTrace":null,"DisplayName":"ReturnsZeroProducts","Messages":[],"ComputerName":"KISCIU","Duration":"00:00:00.0002810","StartTime":"2023-07-25T21:39:55.7989872+00:00","EndTime":"2023-07-25T21:39:55.7992677+00:00","Properties":[{"Key":{"Id":"NUnit.Seed","Label":"Seed","Category":"","Description":"","Attributes":0,"ValueType":"System.String"},"Value":"1469271727"}]}],"TestRunStatistics":{"ExecutedTests":6,"Stats":{"Passed":6}},"ActiveTests":[]},"RunAttachments":[],"ExecutorUris":["executor://nunit3testexecutor/"]}}
TpTrace Verbose: 0 : 19512, 7, 2023/07/25, 23:39:55.868, 4702487008959, vstest.console.dll, TestRequestSender.EndSession: Sending end session.
TpTrace Verbose: 0 : 19512, 7, 2023/07/25, 23:39:55.869, 4702487010786, vstest.console.dll, ProxyOperationManager.Close: waiting for test host to exit for 100 ms
TpTrace Warning: 0 : 19512, 12, 2023/07/25, 23:39:55.897, 4702487295845, vstest.console.dll, TestHostManagerCallbacks.ErrorReceivedCallback Test host standard error line: 
TpTrace Verbose: 0 : 19512, 12, 2023/07/25, 23:39:55.903, 4702487350838, vstest.console.dll, TestHostProvider.ExitCallBack: Host exited starting callback.
TpTrace Information: 0 : 19512, 12, 2023/07/25, 23:39:55.903, 4702487352714, vstest.console.dll, TestHostManagerCallbacks.ExitCallBack: Testhost processId: 18796 exited with exitcode: 0 error: ''
TpTrace Verbose: 0 : 19512, 12, 2023/07/25, 23:39:55.903, 4702487353234, vstest.console.dll, DotnetTestHostManager.OnHostExited: invoking OnHostExited callback
TpTrace Verbose: 0 : 19512, 12, 2023/07/25, 23:39:55.903, 4702487353893, vstest.console.dll, CrossPlatEngine.TestHostManagerHostExited: calling on client process exit callback.
TpTrace Information: 0 : 19512, 12, 2023/07/25, 23:39:55.903, 4702487354222, vstest.console.dll, TestRequestSender.OnClientProcessExit: Test host process exited. Standard error: 
TpTrace Information: 0 : 19512, 12, 2023/07/25, 23:39:55.903, 4702487354574, vstest.console.dll, SocketServer.Stop: Stop server endPoint: 127.0.0.1:52988
TpTrace Information: 0 : 19512, 12, 2023/07/25, 23:39:55.903, 4702487354744, vstest.console.dll, SocketServer.Stop: Cancellation requested. Stopping message loop.
TpTrace Verbose: 0 : 19512, 12, 2023/07/25, 23:39:55.903, 4702487355689, vstest.console.dll, MulticastDelegateUtilities.SafeInvoke: HostProviderEvents.OnHostExited: Invoking callback 1/1 for Microsoft.VisualStudio.TestPlatform.CrossPlatEngine.Client.ProxyOperationManager., took 0 ms.
TpTrace Information: 0 : 19512, 7, 2023/07/25, 23:39:55.903, 4702487355820, vstest.console.dll, SocketServer.Stop: Stop server endPoint: 127.0.0.1:52988
TpTrace Information: 0 : 19512, 7, 2023/07/25, 23:39:55.903, 4702487357621, vstest.console.dll, SocketServer.Stop: Cancellation requested. Stopping message loop.
TpTrace Information: 0 : 19512, 7, 2023/07/25, 23:39:55.903, 4702487357938, vstest.console.dll, Closing the connection
TpTrace Verbose: 0 : 19512, 7, 2023/07/25, 23:39:55.903, 4702487359749, vstest.console.dll, ProxyDataCollectionManager.InvokeDataCollectionServiceAction: Starting.
TpTrace Information: 0 : 19512, 7, 2023/07/25, 23:39:55.904, 4702487360074, vstest.console.dll, ProxyDataCollectionManager.AfterTestRunEnd: Get attachment set and invoked data collectors processId: 11240 port: 52985
TpTrace Verbose: 0 : 19512, 7, 2023/07/25, 23:39:55.904, 4702487360519, vstest.console.dll, DataCollectionRequestSender.SendAfterTestRunStartAndGetResult: Send AfterTestRunEnd message with isCancelled: False
TpTrace Verbose: 0 : 19512, 7, 2023/07/25, 23:39:55.909, 4702487415974, vstest.console.dll, DataCollectionRequestSender.SendAfterTestRunStartAndGetResult: Received message: (DataCollection.AfterTestRunEndResult) -> {"MessageType":"DataCollection.AfterTestRunEndResult","Payload":{"AttachmentSets":[],"InvokedDataCollectors":[{"Uri":"datacollector://Microsoft/TestPlatform/Extensions/Blame/v1","FriendlyName":"Blame","AssemblyQualifiedName":"Microsoft.TestPlatform.Extensions.BlameDataCollector.BlameCollector, Microsoft.TestPlatform.Extensions.BlameDataCollector, Version=15.0.0.0, Culture=neutral, PublicKeyToken=b03f5f7f11d50a3a","FilePath":"C:\\Program Files\\dotnet\\sdk\\7.0.302\\Extensions\\Microsoft.TestPlatform.Extensions.BlameDataCollector.dll","HasAttachmentProcessor":false}],"Metrics":{}}}
TpTrace Information: 0 : 19512, 7, 2023/07/25, 23:39:55.913, 4702487459931, vstest.console.dll, ProxyDataCollectionManager.InvokeDataCollectionServiceAction: Completed.
TpTrace Warning: 0 : 19512, 10, 2023/07/25, 23:39:55.928, 4702487602276, vstest.console.dll, DataCollectionLauncher.ErrorReceivedCallback datacollector standard error line: 
TpTrace Information: 0 : 19512, 10, 2023/07/25, 23:39:55.932, 4702487648942, vstest.console.dll, DataCollectionLauncher.ExitCallBack: Data collector exited with exitcode: 0 error: ''
TpTrace Verbose: 0 : 19512, 7, 2023/07/25, 23:39:55.963, 4702487958480, vstest.console.dll, TestRunRequest:SendTestRunStatsChange: Starting.
TpTrace Verbose: 0 : 19512, 7, 2023/07/25, 23:39:55.964, 4702487961107, vstest.console.dll, MulticastDelegateUtilities.SafeInvoke: TestRun.RunStatsChanged: Invoking callbacks was skipped because there are no subscribers.
TpTrace Information: 0 : 19512, 7, 2023/07/25, 23:39:55.964, 4702487961468, vstest.console.dll, TestRunRequest:SendTestRunStatsChange: Completed.
TpTrace Verbose: 0 : 19512, 7, 2023/07/25, 23:39:55.964, 4702487963616, vstest.console.dll, ParallelProxyExecutionManager: HandlePartialRunComplete: Total completed clients = 1, Run complete = True, Run canceled: False.
TpTrace Verbose: 0 : 19512, 4, 2023/07/25, 23:39:55.965, 4702487973261, vstest.console.dll, MulticastDelegateUtilities.SafeInvoke: InternalTestLoggerEvents.SendTestResult: Invoking callback 1/1 for Microsoft.VisualStudio.TestPlatform.CommandLine.Internal.ConsoleLogger., took 1 ms.
TpTrace Verbose: 0 : 19512, 4, 2023/07/25, 23:39:55.965, 4702487975163, vstest.console.dll, MulticastDelegateUtilities.SafeInvoke: InternalTestLoggerEvents.SendTestResult: Invoking callback 1/1 for Microsoft.VisualStudio.TestPlatform.CommandLine.Internal.ConsoleLogger., took 0 ms.
TpTrace Verbose: 0 : 19512, 4, 2023/07/25, 23:39:55.965, 4702487975850, vstest.console.dll, MulticastDelegateUtilities.SafeInvoke: InternalTestLoggerEvents.SendTestResult: Invoking callback 1/1 for Microsoft.VisualStudio.TestPlatform.CommandLine.Internal.ConsoleLogger., took 0 ms.
TpTrace Verbose: 0 : 19512, 4, 2023/07/25, 23:39:55.965, 4702487976120, vstest.console.dll, MulticastDelegateUtilities.SafeInvoke: InternalTestLoggerEvents.SendTestResult: Invoking callback 1/1 for Microsoft.VisualStudio.TestPlatform.CommandLine.Internal.ConsoleLogger., took 0 ms.
TpTrace Verbose: 0 : 19512, 4, 2023/07/25, 23:39:55.965, 4702487976398, vstest.console.dll, MulticastDelegateUtilities.SafeInvoke: InternalTestLoggerEvents.SendTestResult: Invoking callback 1/1 for Microsoft.VisualStudio.TestPlatform.CommandLine.Internal.ConsoleLogger., took 0 ms.
TpTrace Verbose: 0 : 19512, 4, 2023/07/25, 23:39:55.965, 4702487976712, vstest.console.dll, MulticastDelegateUtilities.SafeInvoke: InternalTestLoggerEvents.SendTestResult: Invoking callback 1/1 for Microsoft.VisualStudio.TestPlatform.CommandLine.Internal.ConsoleLogger., took 0 ms.
TpTrace Verbose: 0 : 19512, 4, 2023/07/25, 23:39:55.971, 4702488037882, vstest.console.dll, MulticastDelegateUtilities.SafeInvoke: InternalTestLoggerEvents.SendTestRunComplete: Invoking callback 1/2 for Microsoft.TestPlatform.Extensions.BlameDataCollector.BlameLogger., took 0 ms.
TpTrace Verbose: 0 : 19512, 4, 2023/07/25, 23:39:55.975, 4702488078949, vstest.console.dll, MulticastDelegateUtilities.SafeInvoke: InternalTestLoggerEvents.SendTestRunComplete: Invoking callback 2/2 for Microsoft.VisualStudio.TestPlatform.CommandLine.Internal.ConsoleLogger., took 4 ms.
TpTrace Verbose: 0 : 19512, 7, 2023/07/25, 23:39:55.976, 4702488081441, vstest.console.dll, TestRunRequest:TestRunComplete: Starting. IsAborted:False IsCanceled:False.
TpTrace Verbose: 0 : 19512, 7, 2023/07/25, 23:39:55.976, 4702488089694, vstest.console.dll, TestLoggerManager.HandleTestRunComplete: Ignoring as the object is disposed.
TpTrace Verbose: 0 : 19512, 7, 2023/07/25, 23:39:55.977, 4702488091160, vstest.console.dll, MulticastDelegateUtilities.SafeInvoke: TestRun.TestRunComplete: Invoking callback 1/2 for Microsoft.VisualStudio.TestPlatform.CommandLine.TestRunResultAggregator., took 0 ms.
TpTrace Verbose: 0 : 19512, 7, 2023/07/25, 23:39:55.977, 4702488092109, vstest.console.dll, MulticastDelegateUtilities.SafeInvoke: TestRun.TestRunComplete: Invoking callback 2/2 for Microsoft.VisualStudio.TestPlatform.CommandLine.Processors.RunTestsArgumentExecutor+TestRunRequestEventsRegistrar., took 0 ms.
TpTrace Information: 0 : 19512, 7, 2023/07/25, 23:39:55.977, 4702488092693, vstest.console.dll, TestRunRequest:TestRunComplete: Completed.
TpTrace Verbose: 0 : 19512, 7, 2023/07/25, 23:39:55.977, 4702488093067, vstest.console.dll, TestRequestSender.SetOperationComplete: Setting operation complete.
TpTrace Information: 0 : 19512, 7, 2023/07/25, 23:39:55.977, 4702488093266, vstest.console.dll, SocketServer.Stop: Stop server endPoint: 127.0.0.1:52988
TpTrace Information: 0 : 19512, 7, 2023/07/25, 23:39:55.977, 4702488093509, vstest.console.dll, SocketServer.Stop: Cancellation requested. Stopping message loop.
TpTrace Verbose: 0 : 19512, 7, 2023/07/25, 23:39:55.977, 4702488093745, vstest.console.dll, MulticastDelegateUtilities.SafeInvoke: LengthPrefixCommunicationChannel: MessageReceived: Invoking callback 1/1 for Microsoft.VisualStudio.TestPlatform.CommunicationUtilities.TestRequestSender+<>c__DisplayClass34_0., took 108 ms.
TpTrace Information: 0 : 19512, 7, 2023/07/25, 23:39:55.977, 4702488094184, vstest.console.dll, SocketServer.PrivateStop: Stopping server endPoint: 127.0.0.1:52988 error: 
TpTrace Verbose: 0 : 19512, 1, 2023/07/25, 23:39:55.977, 4702488094750, vstest.console.dll, TestRunRequest.Dispose: Starting.
TpTrace Information: 0 : 19512, 1, 2023/07/25, 23:39:55.977, 4702488095843, vstest.console.dll, TestRunRequest.Dispose: Completed.
TpTrace Information: 0 : 19512, 1, 2023/07/25, 23:39:55.977, 4702488096372, vstest.console.dll, TestRequestManager.RunTests: run tests completed.
TpTrace Information: 0 : 19512, 1, 2023/07/25, 23:39:55.977, 4702488097910, vstest.console.dll, RunTestsArgumentProcessor:Execute: Test run is completed.
TpTrace Verbose: 0 : 19512, 7, 2023/07/25, 23:39:55.977, 4702488098929, vstest.console.dll, LengthPrefixCommunicationChannel.Dispose: Dispose reader and writer.
TpTrace Information: 0 : 19512, 7, 2023/07/25, 23:39:55.977, 4702488099686, vstest.console.dll, SocketServer.Stop: Raise disconnected event endPoint: 127.0.0.1:52988 error: 
TpTrace Verbose: 0 : 19512, 7, 2023/07/25, 23:39:55.978, 4702488100580, vstest.console.dll, TestRequestSender: OnTestRunAbort: Operation is already complete. Skip error message.
TpTrace Verbose: 0 : 19512, 1, 2023/07/25, 23:39:55.978, 4702488100628, vstest.console.dll, Executor.Execute: Exiting with exit code of 0
TpTrace Verbose: 0 : 19512, 7, 2023/07/25, 23:39:55.978, 4702488100836, vstest.console.dll, MulticastDelegateUtilities.SafeInvoke: SocketServer: ClientDisconnected: Invoking callback 1/1 for Microsoft.VisualStudio.TestPlatform.CommunicationUtilities.TestRequestSender., took 0 ms.
TpTrace Verbose: 0 : 19512, 7, 2023/07/25, 23:39:55.978, 4702488101910, vstest.console.dll, TcpClientExtensions.MessageLoopAsync: exiting MessageLoopAsync remoteEndPoint: 127.0.0.1:52989 localEndPoint: 127.0.0.1:52988
